{"/home/appuser/app/src/App.vue": {"path":"/home/appuser/app/src/App.vue","statementMap":{"0":{"start":{"line":6,"column":14},"end":{"line":6,"column":26}},"1":{"start":{"line":7,"column":13},"end":{"line":7,"column":24}},"2":{"start":{"line":8,"column":18},"end":{"line":8,"column":29}},"3":{"start":{"line":10,"column":18},"end":{"line":12,"column":1}},"4":{"start":{"line":11,"column":2},"end":{"line":11,"column":null}},"5":{"start":{"line":14,"column":0},"end":{"line":20,"column":null}},"6":{"start":{"line":15,"column":2},"end":{"line":15,"column":null}},"7":{"start":{"line":17,"column":2},"end":{"line":19,"column":null}},"8":{"start":{"line":18,"column":4},"end":{"line":18,"column":null}},"9":{"start":{"line":22,"column":15},"end":{"line":26,"column":1}},"10":{"start":{"line":23,"column":1},"end":{"line":23,"column":null}},"11":{"start":{"line":24,"column":2},"end":{"line":24,"column":null}},"12":{"start":{"line":25,"column":2},"end":{"line":25,"column":null}},"13":{"start":{"line":28,"column":17},"end":{"line":30,"column":2}},"14":{"start":{"line":29,"column":2},"end":{"line":29,"column":null}},"15":{"start":{"line":34,"column":7},"end":{"line":34,"column":null}},"16":{"start":{"line":36,"column":11},"end":{"line":36,"column":null}},"17":{"start":{"line":37,"column":12},"end":{"line":37,"column":50}}},"fnMap":{"0":{"name":"(anonymous_0)","decl":{"start":{"line":10,"column":18},"end":{"line":10,"column":19}},"loc":{"start":{"line":10,"column":24},"end":{"line":12,"column":1}},"line":10},"1":{"name":"(anonymous_1)","decl":{"start":{"line":14,"column":10},"end":{"line":14,"column":11}},"loc":{"start":{"line":14,"column":16},"end":{"line":20,"column":1}},"line":14},"2":{"name":"(anonymous_2)","decl":{"start":{"line":17,"column":19},"end":{"line":17,"column":20}},"loc":{"start":{"line":17,"column":25},"end":{"line":19,"column":3}},"line":17},"3":{"name":"(anonymous_3)","decl":{"start":{"line":22,"column":15},"end":{"line":22,"column":16}},"loc":{"start":{"line":22,"column":21},"end":{"line":26,"column":1}},"line":22},"4":{"name":"(anonymous_4)","decl":{"start":{"line":28,"column":27},"end":{"line":28,"column":28}},"loc":{"start":{"line":28,"column":33},"end":{"line":30,"column":1}},"line":28}},"branchMap":{"0":{"loc":{"start":{"line":29,"column":9},"end":{"line":29,"column":34}},"type":"binary-expr","locations":[{"start":{"line":29,"column":9},"end":{"line":29,"column":25}},{"start":{"line":29,"column":29},"end":{"line":29,"column":34}}],"line":29}},"s":{"0":7,"1":7,"2":7,"3":7,"4":9,"5":7,"6":7,"7":7,"8":2,"9":7,"10":1,"11":1,"12":1,"13":7,"14":6,"15":1,"16":1,"17":1},"f":{"0":9,"1":7,"2":2,"3":1,"4":6},"b":{"0":[6,1]},"meta":{"lastBranch":1,"lastFunction":5,"lastStatement":18,"seen":{"s:6:14:6:26":0,"s:7:13:7:24":1,"s:8:18:8:29":2,"s:10:18:12:1":3,"f:10:18:10:19":0,"s:11:2:11:Infinity":4,"s:14:0:20:Infinity":5,"f:14:10:14:11":1,"s:15:2:15:Infinity":6,"s:17:2:19:Infinity":7,"f:17:19:17:20":2,"s:18:4:18:Infinity":8,"s:22:15:26:1":9,"f:22:15:22:16":3,"s:23:1:23:Infinity":10,"s:24:2:24:Infinity":11,"s:25:2:25:Infinity":12,"s:28:17:30:2":13,"f:28:27:28:28":4,"s:29:2:29:Infinity":14,"b:29:9:29:25:29:29:29:34":0,"s:34:7:34:Infinity":15,"s:36:11:36:Infinity":16,"s:37:12:37:50":17}}}
,"/home/appuser/app/src/utils/auth.js": {"path":"/home/appuser/app/src/utils/auth.js","statementMap":{"0":{"start":{"line":6,"column":18},"end":{"line":6,"column":25}},"1":{"start":{"line":7,"column":24},"end":{"line":7,"column":42}},"2":{"start":{"line":8,"column":32},"end":{"line":8,"column":35}},"3":{"start":{"line":16,"column":2},"end":{"line":28,"column":null}},"4":{"start":{"line":17,"column":22},"end":{"line":17,"column":41}},"5":{"start":{"line":18,"column":19},"end":{"line":18,"column":66}},"6":{"start":{"line":19,"column":24},"end":{"line":24,"column":5}},"7":{"start":{"line":22,"column":20},"end":{"line":22,"column":73}},"8":{"start":{"line":25,"column":4},"end":{"line":25,"column":null}},"9":{"start":{"line":27,"column":4},"end":{"line":27,"column":null}},"10":{"start":{"line":37,"column":2},"end":{"line":37,"column":null}},"11":{"start":{"line":37,"column":14},"end":{"line":37,"column":null}},"12":{"start":{"line":39,"column":18},"end":{"line":39,"column":36}},"13":{"start":{"line":40,"column":2},"end":{"line":40,"column":null}},"14":{"start":{"line":40,"column":32},"end":{"line":40,"column":null}},"15":{"start":{"line":42,"column":25},"end":{"line":42,"column":43}},"16":{"start":{"line":43,"column":22},"end":{"line":43,"column":32}},"17":{"start":{"line":44,"column":30},"end":{"line":44,"column":67}},"18":{"start":{"line":46,"column":2},"end":{"line":46,"column":null}},"19":{"start":{"line":54,"column":2},"end":{"line":54,"column":null}},"20":{"start":{"line":62,"column":2},"end":{"line":62,"column":null}},"21":{"start":{"line":69,"column":2},"end":{"line":69,"column":null}},"22":{"start":{"line":70,"column":2},"end":{"line":70,"column":null}},"23":{"start":{"line":78,"column":16},"end":{"line":78,"column":26}},"24":{"start":{"line":79,"column":2},"end":{"line":79,"column":null}},"25":{"start":{"line":89,"column":17},"end":{"line":89,"column":38}},"26":{"start":{"line":90,"column":2},"end":{"line":90,"column":null}},"27":{"start":{"line":91,"column":2},"end":{"line":91,"column":null}},"28":{"start":{"line":93,"column":19},"end":{"line":99,"column":4}},"29":{"start":{"line":101,"column":2},"end":{"line":104,"column":null}},"30":{"start":{"line":102,"column":22},"end":{"line":102,"column":85}},"31":{"start":{"line":102,"column":57},"end":{"line":102,"column":83}},"32":{"start":{"line":103,"column":4},"end":{"line":103,"column":null}},"33":{"start":{"line":106,"column":15},"end":{"line":106,"column":36}},"34":{"start":{"line":108,"column":2},"end":{"line":112,"column":null}},"35":{"start":{"line":109,"column":4},"end":{"line":109,"column":null}},"36":{"start":{"line":114,"column":2},"end":{"line":114,"column":null}},"37":{"start":{"line":124,"column":16},"end":{"line":124,"column":26}},"38":{"start":{"line":126,"column":2},"end":{"line":128,"column":null}},"39":{"start":{"line":127,"column":4},"end":{"line":127,"column":null}},"40":{"start":{"line":130,"column":2},"end":{"line":132,"column":null}},"41":{"start":{"line":131,"column":4},"end":{"line":131,"column":null}},"42":{"start":{"line":137,"column":2},"end":{"line":137,"column":null}},"43":{"start":{"line":138,"column":2},"end":{"line":138,"column":null}},"44":{"start":{"line":148,"column":14},"end":{"line":148,"column":38}},"45":{"start":{"line":150,"column":2},"end":{"line":153,"column":null}},"46":{"start":{"line":152,"column":4},"end":{"line":152,"column":null}},"47":{"start":{"line":155,"column":18},"end":{"line":158,"column":3}},"48":{"start":{"line":160,"column":17},"end":{"line":163,"column":4}},"49":{"start":{"line":166,"column":2},"end":{"line":169,"column":null}},"50":{"start":{"line":167,"column":4},"end":{"line":167,"column":null}},"51":{"start":{"line":168,"column":4},"end":{"line":168,"column":null}},"52":{"start":{"line":171,"column":2},"end":{"line":171,"column":null}},"53":{"start":{"line":178,"column":2},"end":{"line":178,"column":null}}},"fnMap":{"0":{"name":"decodeToken","decl":{"start":{"line":15,"column":9},"end":{"line":15,"column":20}},"loc":{"start":{"line":15,"column":28},"end":{"line":29,"column":null}},"line":15},"1":{"name":"(anonymous_1)","decl":{"start":{"line":22,"column":13},"end":{"line":22,"column":14}},"loc":{"start":{"line":22,"column":20},"end":{"line":22,"column":73}},"line":22},"2":{"name":"isTokenExpiredOrExpiringSoon","decl":{"start":{"line":36,"column":9},"end":{"line":36,"column":37}},"loc":{"start":{"line":36,"column":45},"end":{"line":47,"column":null}},"line":36},"3":{"name":"getToken","decl":{"start":{"line":53,"column":16},"end":{"line":53,"column":24}},"loc":{"start":{"line":53,"column":27},"end":{"line":55,"column":null}},"line":53},"4":{"name":"setToken","decl":{"start":{"line":61,"column":16},"end":{"line":61,"column":24}},"loc":{"start":{"line":61,"column":32},"end":{"line":63,"column":null}},"line":61},"5":{"name":"removeToken","decl":{"start":{"line":68,"column":16},"end":{"line":68,"column":27}},"loc":{"start":{"line":68,"column":30},"end":{"line":71,"column":null}},"line":68},"6":{"name":"isAuthenticated","decl":{"start":{"line":77,"column":16},"end":{"line":77,"column":31}},"loc":{"start":{"line":77,"column":34},"end":{"line":80,"column":null}},"line":77},"7":{"name":"login","decl":{"start":{"line":88,"column":22},"end":{"line":88,"column":27}},"loc":{"start":{"line":88,"column":45},"end":{"line":115,"column":null}},"line":88},"8":{"name":"(anonymous_8)","decl":{"start":{"line":102,"column":50},"end":{"line":102,"column":51}},"loc":{"start":{"line":102,"column":57},"end":{"line":102,"column":83}},"line":102},"9":{"name":"ensureValidToken","decl":{"start":{"line":123,"column":22},"end":{"line":123,"column":38}},"loc":{"start":{"line":123,"column":41},"end":{"line":139,"column":null}},"line":123},"10":{"name":"authenticatedFetch","decl":{"start":{"line":147,"column":22},"end":{"line":147,"column":40}},"loc":{"start":{"line":147,"column":60},"end":{"line":172,"column":null}},"line":147},"11":{"name":"logout","decl":{"start":{"line":177,"column":16},"end":{"line":177,"column":22}},"loc":{"start":{"line":177,"column":25},"end":{"line":179,"column":null}},"line":177}},"branchMap":{"0":{"loc":{"start":{"line":37,"column":2},"end":{"line":37,"column":null}},"type":"if","locations":[{"start":{"line":37,"column":2},"end":{"line":37,"column":null}},{"start":{},"end":{}}],"line":37},"1":{"loc":{"start":{"line":40,"column":2},"end":{"line":40,"column":null}},"type":"if","locations":[{"start":{"line":40,"column":2},"end":{"line":40,"column":null}},{"start":{},"end":{}}],"line":40},"2":{"loc":{"start":{"line":40,"column":6},"end":{"line":40,"column":30}},"type":"binary-expr","locations":[{"start":{"line":40,"column":6},"end":{"line":40,"column":14}},{"start":{"line":40,"column":18},"end":{"line":40,"column":30}}],"line":40},"3":{"loc":{"start":{"line":79,"column":9},"end":{"line":79,"column":54}},"type":"binary-expr","locations":[{"start":{"line":79,"column":9},"end":{"line":79,"column":14}},{"start":{"line":79,"column":18},"end":{"line":79,"column":54}}],"line":79},"4":{"loc":{"start":{"line":101,"column":2},"end":{"line":104,"column":null}},"type":"if","locations":[{"start":{"line":101,"column":2},"end":{"line":104,"column":null}},{"start":{},"end":{}}],"line":101},"5":{"loc":{"start":{"line":103,"column":20},"end":{"line":103,"column":54}},"type":"binary-expr","locations":[{"start":{"line":103,"column":20},"end":{"line":103,"column":36}},{"start":{"line":103,"column":40},"end":{"line":103,"column":54}}],"line":103},"6":{"loc":{"start":{"line":108,"column":2},"end":{"line":112,"column":null}},"type":"if","locations":[{"start":{"line":108,"column":2},"end":{"line":112,"column":null}},{"start":{},"end":{}}],"line":108},"7":{"loc":{"start":{"line":126,"column":2},"end":{"line":128,"column":null}},"type":"if","locations":[{"start":{"line":126,"column":2},"end":{"line":128,"column":null}},{"start":{},"end":{}}],"line":126},"8":{"loc":{"start":{"line":130,"column":2},"end":{"line":132,"column":null}},"type":"if","locations":[{"start":{"line":130,"column":2},"end":{"line":132,"column":null}},{"start":{},"end":{}}],"line":130},"9":{"loc":{"start":{"line":147,"column":46},"end":{"line":147,"column":58}},"type":"default-arg","locations":[{"start":{"line":147,"column":56},"end":{"line":147,"column":58}}],"line":147},"10":{"loc":{"start":{"line":150,"column":2},"end":{"line":153,"column":null}},"type":"if","locations":[{"start":{"line":150,"column":2},"end":{"line":153,"column":null}},{"start":{},"end":{}}],"line":150},"11":{"loc":{"start":{"line":166,"column":2},"end":{"line":169,"column":null}},"type":"if","locations":[{"start":{"line":166,"column":2},"end":{"line":169,"column":null}},{"start":{},"end":{}}],"line":166}},"s":{"0":1,"1":1,"2":1,"3":11,"4":11,"5":11,"6":11,"7":630,"8":11,"9":1,"10":11,"11":0,"12":11,"13":11,"14":1,"15":10,"16":10,"17":10,"18":10,"19":15,"20":2,"21":6,"22":6,"23":5,"24":5,"25":3,"26":3,"27":3,"28":3,"29":3,"30":2,"31":1,"32":2,"33":1,"34":1,"35":1,"36":1,"37":8,"38":8,"39":1,"40":7,"41":4,"42":3,"43":3,"44":4,"45":4,"46":1,"47":3,"48":3,"49":3,"50":1,"51":1,"52":2,"53":1},"f":{"0":11,"1":630,"2":11,"3":15,"4":2,"5":6,"6":5,"7":3,"8":1,"9":8,"10":4,"11":1},"b":{"0":[0,11],"1":[1,10],"2":[11,10],"3":[5,4],"4":[2,1],"5":[2,0],"6":[1,0],"7":[1,7],"8":[4,3],"9":[4],"10":[1,3],"11":[1,2]},"meta":{"lastBranch":12,"lastFunction":12,"lastStatement":54,"seen":{"s:6:18:6:25":0,"s:7:24:7:42":1,"s:8:32:8:35":2,"f:15:9:15:20":0,"s:16:2:28:Infinity":3,"s:17:22:17:41":4,"s:18:19:18:66":5,"s:19:24:24:5":6,"f:22:13:22:14":1,"s:22:20:22:73":7,"s:25:4:25:Infinity":8,"s:27:4:27:Infinity":9,"f:36:9:36:37":2,"b:37:2:37:Infinity:undefined:undefined:undefined:undefined":0,"s:37:2:37:Infinity":10,"s:37:14:37:Infinity":11,"s:39:18:39:36":12,"b:40:2:40:Infinity:undefined:undefined:undefined:undefined":1,"s:40:2:40:Infinity":13,"b:40:6:40:14:40:18:40:30":2,"s:40:32:40:Infinity":14,"s:42:25:42:43":15,"s:43:22:43:32":16,"s:44:30:44:67":17,"s:46:2:46:Infinity":18,"f:53:16:53:24":3,"s:54:2:54:Infinity":19,"f:61:16:61:24":4,"s:62:2:62:Infinity":20,"f:68:16:68:27":5,"s:69:2:69:Infinity":21,"s:70:2:70:Infinity":22,"f:77:16:77:31":6,"s:78:16:78:26":23,"s:79:2:79:Infinity":24,"b:79:9:79:14:79:18:79:54":3,"f:88:22:88:27":7,"s:89:17:89:38":25,"s:90:2:90:Infinity":26,"s:91:2:91:Infinity":27,"s:93:19:99:4":28,"b:101:2:104:Infinity:undefined:undefined:undefined:undefined":4,"s:101:2:104:Infinity":29,"s:102:22:102:85":30,"f:102:50:102:51":8,"s:102:57:102:83":31,"s:103:4:103:Infinity":32,"b:103:20:103:36:103:40:103:54":5,"s:106:15:106:36":33,"b:108:2:112:Infinity:undefined:undefined:undefined:undefined":6,"s:108:2:112:Infinity":34,"s:109:4:109:Infinity":35,"s:114:2:114:Infinity":36,"f:123:22:123:38":9,"s:124:16:124:26":37,"b:126:2:128:Infinity:undefined:undefined:undefined:undefined":7,"s:126:2:128:Infinity":38,"s:127:4:127:Infinity":39,"b:130:2:132:Infinity:undefined:undefined:undefined:undefined":8,"s:130:2:132:Infinity":40,"s:131:4:131:Infinity":41,"s:137:2:137:Infinity":42,"s:138:2:138:Infinity":43,"f:147:22:147:40":10,"b:147:56:147:58":9,"s:148:14:148:38":44,"b:150:2:153:Infinity:undefined:undefined:undefined:undefined":10,"s:150:2:153:Infinity":45,"s:152:4:152:Infinity":46,"s:155:18:158:3":47,"s:160:17:163:4":48,"b:166:2:169:Infinity:undefined:undefined:undefined:undefined":11,"s:166:2:169:Infinity":49,"s:167:4:167:Infinity":50,"s:168:4:168:Infinity":51,"s:171:2:171:Infinity":52,"f:177:16:177:22":11,"s:178:2:178:Infinity":53}}}
,"/home/appuser/app/src/views/Dashboard.vue": {"path":"/home/appuser/app/src/views/Dashboard.vue","statementMap":{"0":{"start":{"line":6,"column":14},"end":{"line":6,"column":26}},"1":{"start":{"line":7,"column":9},"end":{"line":7,"column":16}},"2":{"start":{"line":8,"column":9},"end":{"line":8,"column":16}},"3":{"start":{"line":9,"column":14},"end":{"line":9,"column":24}},"4":{"start":{"line":10,"column":13},"end":{"line":10,"column":21}},"5":{"start":{"line":11,"column":15},"end":{"line":11,"column":26}},"6":{"start":{"line":12,"column":15},"end":{"line":12,"column":26}},"7":{"start":{"line":15,"column":0},"end":{"line":21,"column":null}},"8":{"start":{"line":16,"column":2},"end":{"line":20,"column":null}},"9":{"start":{"line":17,"column":4},"end":{"line":17,"column":null}},"10":{"start":{"line":18,"column":4},"end":{"line":18,"column":null}},"11":{"start":{"line":19,"column":4},"end":{"line":19,"column":null}},"12":{"start":{"line":23,"column":15},"end":{"line":23,"column":25}},"13":{"start":{"line":26,"column":22},"end":{"line":36,"column":1}},"14":{"start":{"line":27,"column":2},"end":{"line":35,"column":null}},"15":{"start":{"line":28,"column":21},"end":{"line":28,"column":58}},"16":{"start":{"line":29,"column":4},"end":{"line":32,"column":null}},"17":{"start":{"line":30,"column":19},"end":{"line":30,"column":40}},"18":{"start":{"line":31,"column":6},"end":{"line":31,"column":null}},"19":{"start":{"line":34,"column":4},"end":{"line":34,"column":null}},"20":{"start":{"line":39,"column":0},"end":{"line":39,"column":null}},"21":{"start":{"line":41,"column":21},"end":{"line":128,"column":1}},"22":{"start":{"line":43,"column":2},"end":{"line":43,"column":null}},"23":{"start":{"line":44,"column":2},"end":{"line":44,"column":null}},"24":{"start":{"line":45,"column":2},"end":{"line":45,"column":null}},"25":{"start":{"line":48,"column":15},"end":{"line":48,"column":30}},"26":{"start":{"line":49,"column":15},"end":{"line":49,"column":30}},"27":{"start":{"line":51,"column":2},"end":{"line":54,"column":null}},"28":{"start":{"line":52,"column":4},"end":{"line":52,"column":null}},"29":{"start":{"line":53,"column":4},"end":{"line":53,"column":null}},"30":{"start":{"line":56,"column":2},"end":{"line":59,"column":null}},"31":{"start":{"line":57,"column":4},"end":{"line":57,"column":null}},"32":{"start":{"line":58,"column":4},"end":{"line":58,"column":null}},"33":{"start":{"line":61,"column":2},"end":{"line":64,"column":null}},"34":{"start":{"line":62,"column":4},"end":{"line":62,"column":null}},"35":{"start":{"line":63,"column":4},"end":{"line":63,"column":null}},"36":{"start":{"line":67,"column":2},"end":{"line":73,"column":null}},"37":{"start":{"line":68,"column":4},"end":{"line":68,"column":null}},"38":{"start":{"line":69,"column":4},"end":{"line":71,"column":null}},"39":{"start":{"line":70,"column":6},"end":{"line":70,"column":null}},"40":{"start":{"line":72,"column":4},"end":{"line":72,"column":null}},"41":{"start":{"line":75,"column":2},"end":{"line":75,"column":null}},"42":{"start":{"line":77,"column":2},"end":{"line":127,"column":null}},"43":{"start":{"line":78,"column":21},"end":{"line":84,"column":6}},"44":{"start":{"line":86,"column":4},"end":{"line":104,"column":null}},"45":{"start":{"line":87,"column":25},"end":{"line":87,"column":59}},"46":{"start":{"line":88,"column":6},"end":{"line":102,"column":null}},"47":{"start":{"line":89,"column":21},"end":{"line":89,"column":42}},"48":{"start":{"line":91,"column":8},"end":{"line":98,"column":null}},"49":{"start":{"line":92,"column":25},"end":{"line":92,"column":105}},"50":{"start":{"line":92,"column":48},"end":{"line":92,"column":93}},"51":{"start":{"line":93,"column":10},"end":{"line":93,"column":null}},"52":{"start":{"line":94,"column":15},"end":{"line":98,"column":null}},"53":{"start":{"line":95,"column":10},"end":{"line":95,"column":null}},"54":{"start":{"line":96,"column":15},"end":{"line":98,"column":null}},"55":{"start":{"line":97,"column":10},"end":{"line":97,"column":null}},"56":{"start":{"line":101,"column":8},"end":{"line":101,"column":null}},"57":{"start":{"line":103,"column":6},"end":{"line":103,"column":null}},"58":{"start":{"line":106,"column":17},"end":{"line":106,"column":38}},"59":{"start":{"line":107,"column":4},"end":{"line":107,"column":null}},"60":{"start":{"line":108,"column":4},"end":{"line":108,"column":null}},"61":{"start":{"line":111,"column":4},"end":{"line":111,"column":null}},"62":{"start":{"line":114,"column":4},"end":{"line":123,"column":null}},"63":{"start":{"line":115,"column":6},"end":{"line":115,"column":null}},"64":{"start":{"line":116,"column":6},"end":{"line":118,"column":null}},"65":{"start":{"line":117,"column":8},"end":{"line":117,"column":null}},"66":{"start":{"line":119,"column":11},"end":{"line":123,"column":null}},"67":{"start":{"line":120,"column":6},"end":{"line":120,"column":null}},"68":{"start":{"line":122,"column":6},"end":{"line":122,"column":null}},"69":{"start":{"line":124,"column":4},"end":{"line":124,"column":null}},"70":{"start":{"line":126,"column":4},"end":{"line":126,"column":null}},"71":{"start":{"line":132,"column":7},"end":{"line":132,"column":null}},"72":{"start":{"line":134,"column":9},"end":{"line":134,"column":null}},"73":{"start":{"line":149,"column":9},"end":{"line":149,"column":null}},"74":{"start":{"line":150,"column":11},"end":{"line":150,"column":null}},"75":{"start":{"line":163,"column":11},"end":{"line":163,"column":null}},"76":{"start":{"line":187,"column":10},"end":{"line":187,"column":36}},"77":{"start":{"line":188,"column":9},"end":{"line":188,"column":43}},"78":{"start":{"line":154,"column":26},"end":{"line":154,"column":28}},"79":{"start":{"line":167,"column":26},"end":{"line":167,"column":28}}},"fnMap":{"0":{"name":"(anonymous_0)","decl":{"start":{"line":15,"column":14},"end":{"line":15,"column":15}},"loc":{"start":{"line":15,"column":20},"end":{"line":21,"column":1}},"line":15},"1":{"name":"(anonymous_1)","decl":{"start":{"line":26,"column":22},"end":{"line":26,"column":27}},"loc":{"start":{"line":26,"column":34},"end":{"line":36,"column":1}},"line":26},"2":{"name":"(anonymous_2)","decl":{"start":{"line":41,"column":21},"end":{"line":41,"column":26}},"loc":{"start":{"line":41,"column":33},"end":{"line":128,"column":1}},"line":41},"3":{"name":"(anonymous_3)","decl":{"start":{"line":69,"column":15},"end":{"line":69,"column":16}},"loc":{"start":{"line":69,"column":21},"end":{"line":71,"column":5}},"line":69},"4":{"name":"(anonymous_4)","decl":{"start":{"line":92,"column":41},"end":{"line":92,"column":44}},"loc":{"start":{"line":92,"column":48},"end":{"line":92,"column":93}},"line":92},"5":{"name":"(anonymous_5)","decl":{"start":{"line":116,"column":17},"end":{"line":116,"column":18}},"loc":{"start":{"line":116,"column":23},"end":{"line":118,"column":7}},"line":116},"6":{"name":"(anonymous_6)","decl":{"start":{"line":154,"column":26},"end":{"line":154,"column":27}},"loc":{"start":{"line":154,"column":26},"end":{"line":154,"column":28}},"line":154},"7":{"name":"(anonymous_7)","decl":{"start":{"line":167,"column":26},"end":{"line":167,"column":27}},"loc":{"start":{"line":167,"column":26},"end":{"line":167,"column":28}},"line":167}},"branchMap":{"0":{"loc":{"start":{"line":16,"column":2},"end":{"line":20,"column":null}},"type":"if","locations":[{"start":{"line":16,"column":2},"end":{"line":20,"column":null}},{"start":{},"end":{}}],"line":16},"1":{"loc":{"start":{"line":29,"column":4},"end":{"line":32,"column":null}},"type":"if","locations":[{"start":{"line":29,"column":4},"end":{"line":32,"column":null}},{"start":{},"end":{}}],"line":29},"2":{"loc":{"start":{"line":51,"column":2},"end":{"line":54,"column":null}},"type":"if","locations":[{"start":{"line":51,"column":2},"end":{"line":54,"column":null}},{"start":{},"end":{}}],"line":51},"3":{"loc":{"start":{"line":51,"column":6},"end":{"line":51,"column":32}},"type":"binary-expr","locations":[{"start":{"line":51,"column":6},"end":{"line":51,"column":17}},{"start":{"line":51,"column":21},"end":{"line":51,"column":32}}],"line":51},"4":{"loc":{"start":{"line":56,"column":2},"end":{"line":59,"column":null}},"type":"if","locations":[{"start":{"line":56,"column":2},"end":{"line":59,"column":null}},{"start":{},"end":{}}],"line":56},"5":{"loc":{"start":{"line":56,"column":6},"end":{"line":56,"column":56}},"type":"binary-expr","locations":[{"start":{"line":56,"column":6},"end":{"line":56,"column":29}},{"start":{"line":56,"column":33},"end":{"line":56,"column":56}}],"line":56},"6":{"loc":{"start":{"line":61,"column":2},"end":{"line":64,"column":null}},"type":"if","locations":[{"start":{"line":61,"column":2},"end":{"line":64,"column":null}},{"start":{},"end":{}}],"line":61},"7":{"loc":{"start":{"line":61,"column":6},"end":{"line":61,"column":56}},"type":"binary-expr","locations":[{"start":{"line":61,"column":6},"end":{"line":61,"column":14}},{"start":{"line":61,"column":18},"end":{"line":61,"column":29}},{"start":{"line":61,"column":33},"end":{"line":61,"column":41}},{"start":{"line":61,"column":45},"end":{"line":61,"column":56}}],"line":61},"8":{"loc":{"start":{"line":67,"column":2},"end":{"line":73,"column":null}},"type":"if","locations":[{"start":{"line":67,"column":2},"end":{"line":73,"column":null}},{"start":{},"end":{}}],"line":67},"9":{"loc":{"start":{"line":86,"column":4},"end":{"line":104,"column":null}},"type":"if","locations":[{"start":{"line":86,"column":4},"end":{"line":104,"column":null}},{"start":{},"end":{}}],"line":86},"10":{"loc":{"start":{"line":91,"column":8},"end":{"line":98,"column":null}},"type":"if","locations":[{"start":{"line":91,"column":8},"end":{"line":98,"column":null}},{"start":{"line":94,"column":15},"end":{"line":98,"column":null}}],"line":91},"11":{"loc":{"start":{"line":92,"column":48},"end":{"line":92,"column":93}},"type":"binary-expr","locations":[{"start":{"line":92,"column":48},"end":{"line":92,"column":55}},{"start":{"line":92,"column":59},"end":{"line":92,"column":70}},{"start":{"line":92,"column":74},"end":{"line":92,"column":93}}],"line":92},"12":{"loc":{"start":{"line":94,"column":15},"end":{"line":98,"column":null}},"type":"if","locations":[{"start":{"line":94,"column":15},"end":{"line":98,"column":null}},{"start":{"line":96,"column":15},"end":{"line":98,"column":null}}],"line":94},"13":{"loc":{"start":{"line":96,"column":15},"end":{"line":98,"column":null}},"type":"if","locations":[{"start":{"line":96,"column":15},"end":{"line":98,"column":null}},{"start":{},"end":{}}],"line":96},"14":{"loc":{"start":{"line":101,"column":23},"end":{"line":101,"column":58}},"type":"binary-expr","locations":[{"start":{"line":101,"column":23},"end":{"line":101,"column":42}},{"start":{"line":101,"column":46},"end":{"line":101,"column":58}}],"line":101},"15":{"loc":{"start":{"line":114,"column":4},"end":{"line":123,"column":null}},"type":"if","locations":[{"start":{"line":114,"column":4},"end":{"line":123,"column":null}},{"start":{"line":119,"column":11},"end":{"line":123,"column":null}}],"line":114},"16":{"loc":{"start":{"line":119,"column":11},"end":{"line":123,"column":null}},"type":"if","locations":[{"start":{"line":119,"column":11},"end":{"line":123,"column":null}},{"start":{"line":121,"column":11},"end":{"line":123,"column":null}}],"line":119},"17":{"loc":{"start":{"line":133,"column":4},"end":{"line":133,"column":77}},"type":"binary-expr","locations":[{"start":{"line":133,"column":4},"end":{"line":133,"column":8}},{"start":{"line":133,"column":4},"end":{"line":133,"column":77}}],"line":133},"18":{"loc":{"start":{"line":135,"column":6},"end":{"line":135,"column":81}},"type":"binary-expr","locations":[{"start":{"line":135,"column":6},"end":{"line":135,"column":9}},{"start":{"line":135,"column":6},"end":{"line":135,"column":81}}],"line":135},"19":{"loc":{"start":{"line":142,"column":6},"end":{"line":142,"column":29}},"type":"binary-expr","locations":[{"start":{"line":142,"column":6},"end":{"line":142,"column":14}},{"start":{"line":142,"column":6},"end":{"line":142,"column":29}}],"line":142},"20":{"loc":{"start":{"line":145,"column":15},"end":{"line":145,"column":43}},"type":"binary-expr","locations":[{"start":{"line":145,"column":15},"end":{"line":145,"column":22}},{"start":{"line":145,"column":26},"end":{"line":145,"column":43}}],"line":145},"21":{"loc":{"start":{"line":151,"column":8},"end":{"line":151,"column":90}},"type":"binary-expr","locations":[{"start":{"line":151,"column":8},"end":{"line":151,"column":15}},{"start":{"line":151,"column":8},"end":{"line":151,"column":90}}],"line":151},"22":{"loc":{"start":{"line":154,"column":26},"end":{"line":154,"column":28}},"type":"binary-expr","locations":[{"start":{"line":154,"column":26},"end":{"line":154,"column":27}},{"start":{"line":154,"column":26},"end":{"line":154,"column":28}}],"line":154},"23":{"loc":{"start":{"line":164,"column":8},"end":{"line":164,"column":90}},"type":"binary-expr","locations":[{"start":{"line":164,"column":8},"end":{"line":164,"column":15}},{"start":{"line":164,"column":8},"end":{"line":164,"column":90}}],"line":164},"24":{"loc":{"start":{"line":167,"column":26},"end":{"line":167,"column":28}},"type":"binary-expr","locations":[{"start":{"line":167,"column":26},"end":{"line":167,"column":27}},{"start":{"line":167,"column":26},"end":{"line":167,"column":28}}],"line":167},"25":{"loc":{"start":{"line":183,"column":9},"end":{"line":183,"column":null}},"type":"cond-expr","locations":[{"start":{"line":183,"column":16},"end":{"line":183,"column":null}},{"start":{"line":183,"column":16},"end":{"line":183,"column":null}}],"line":183}},"s":{"0":14,"1":14,"2":14,"3":14,"4":14,"5":14,"6":14,"7":14,"8":24,"9":1,"10":1,"11":1,"12":14,"13":14,"14":18,"15":18,"16":18,"17":18,"18":18,"19":0,"20":14,"21":14,"22":11,"23":11,"24":11,"25":11,"26":11,"27":11,"28":0,"29":0,"30":11,"31":1,"32":1,"33":10,"34":2,"35":2,"36":8,"37":1,"38":1,"39":1,"40":1,"41":7,"42":7,"43":7,"44":5,"45":1,"46":1,"47":1,"48":1,"49":0,"50":0,"51":0,"52":1,"53":1,"54":0,"55":0,"56":0,"57":1,"58":4,"59":4,"60":4,"61":4,"62":2,"63":1,"64":1,"65":1,"66":1,"67":0,"68":1,"69":2,"70":6,"71":1,"72":1,"73":1,"74":1,"75":1,"76":1,"77":1,"78":11,"79":11},"f":{"0":24,"1":18,"2":11,"3":1,"4":0,"5":1,"6":11,"7":11},"b":{"0":[1,23],"1":[18,0],"2":[0,11],"3":[11,11],"4":[1,10],"5":[11,10],"6":[2,8],"7":[10,9,8,8],"8":[1,7],"9":[1,4],"10":[0,1],"11":[0,0,0],"12":[1,0],"13":[0,0],"14":[0,0],"15":[1,1],"16":[0,1],"17":[73,14],"18":[73,14],"19":[6,6],"20":[73,10],"21":[73,14],"22":[73,14],"23":[73,14],"24":[73,14],"25":[13,60]},"meta":{"lastBranch":26,"lastFunction":8,"lastStatement":80,"seen":{"s:6:14:6:26":0,"s:7:9:7:16":1,"s:8:9:8:16":2,"s:9:14:9:24":3,"s:10:13:10:21":4,"s:11:15:11:26":5,"s:12:15:12:26":6,"s:15:0:21:Infinity":7,"f:15:14:15:15":0,"b:16:2:20:Infinity:undefined:undefined:undefined:undefined":0,"s:16:2:20:Infinity":8,"s:17:4:17:Infinity":9,"s:18:4:18:Infinity":10,"s:19:4:19:Infinity":11,"s:23:15:23:25":12,"s:26:22:36:1":13,"f:26:22:26:27":1,"s:27:2:35:Infinity":14,"s:28:21:28:58":15,"b:29:4:32:Infinity:undefined:undefined:undefined:undefined":1,"s:29:4:32:Infinity":16,"s:30:19:30:40":17,"s:31:6:31:Infinity":18,"s:34:4:34:Infinity":19,"s:39:0:39:Infinity":20,"s:41:21:128:1":21,"f:41:21:41:26":2,"s:43:2:43:Infinity":22,"s:44:2:44:Infinity":23,"s:45:2:45:Infinity":24,"s:48:15:48:30":25,"s:49:15:49:30":26,"b:51:2:54:Infinity:undefined:undefined:undefined:undefined":2,"s:51:2:54:Infinity":27,"b:51:6:51:17:51:21:51:32":3,"s:52:4:52:Infinity":28,"s:53:4:53:Infinity":29,"b:56:2:59:Infinity:undefined:undefined:undefined:undefined":4,"s:56:2:59:Infinity":30,"b:56:6:56:29:56:33:56:56":5,"s:57:4:57:Infinity":31,"s:58:4:58:Infinity":32,"b:61:2:64:Infinity:undefined:undefined:undefined:undefined":6,"s:61:2:64:Infinity":33,"b:61:6:61:14:61:18:61:29:61:33:61:41:61:45:61:56":7,"s:62:4:62:Infinity":34,"s:63:4:63:Infinity":35,"b:67:2:73:Infinity:undefined:undefined:undefined:undefined":8,"s:67:2:73:Infinity":36,"s:68:4:68:Infinity":37,"s:69:4:71:Infinity":38,"f:69:15:69:16":3,"s:70:6:70:Infinity":39,"s:72:4:72:Infinity":40,"s:75:2:75:Infinity":41,"s:77:2:127:Infinity":42,"s:78:21:84:6":43,"b:86:4:104:Infinity:undefined:undefined:undefined:undefined":9,"s:86:4:104:Infinity":44,"s:87:25:87:59":45,"s:88:6:102:Infinity":46,"s:89:21:89:42":47,"b:91:8:98:Infinity:94:15:98:Infinity":10,"s:91:8:98:Infinity":48,"s:92:25:92:105":49,"f:92:41:92:44":4,"s:92:48:92:93":50,"b:92:48:92:55:92:59:92:70:92:74:92:93":11,"s:93:10:93:Infinity":51,"b:94:15:98:Infinity:96:15:98:Infinity":12,"s:94:15:98:Infinity":52,"s:95:10:95:Infinity":53,"b:96:15:98:Infinity:undefined:undefined:undefined:undefined":13,"s:96:15:98:Infinity":54,"s:97:10:97:Infinity":55,"s:101:8:101:Infinity":56,"b:101:23:101:42:101:46:101:58":14,"s:103:6:103:Infinity":57,"s:106:17:106:38":58,"s:107:4:107:Infinity":59,"s:108:4:108:Infinity":60,"s:111:4:111:Infinity":61,"b:114:4:123:Infinity:119:11:123:Infinity":15,"s:114:4:123:Infinity":62,"s:115:6:115:Infinity":63,"s:116:6:118:Infinity":64,"f:116:17:116:18":5,"s:117:8:117:Infinity":65,"b:119:11:123:Infinity:121:11:123:Infinity":16,"s:119:11:123:Infinity":66,"s:120:6:120:Infinity":67,"s:122:6:122:Infinity":68,"s:124:4:124:Infinity":69,"s:126:4:126:Infinity":70,"s:132:7:132:Infinity":71,"s:134:9:134:Infinity":72,"s:149:9:149:Infinity":73,"s:150:11:150:Infinity":74,"s:163:11:163:Infinity":75,"s:187:10:187:36":76,"s:188:9:188:43":77,"b:133:4:133:8:133:4:133:77":17,"b:135:6:135:9:135:6:135:81":18,"b:142:6:142:14:142:6:142:29":19,"b:145:15:145:22:145:26:145:43":20,"b:151:8:151:15:151:8:151:90":21,"b:154:26:154:27:154:26:154:28":22,"f:154:26:154:27":6,"s:154:26:154:28":78,"b:164:8:164:15:164:8:164:90":23,"b:167:26:167:27:167:26:167:28":24,"f:167:26:167:27":7,"s:167:26:167:28":79,"b:183:16:183:Infinity:183:16:183:Infinity":25}}}
,"/home/appuser/app/src/views/ForgotPassword.vue": {"path":"/home/appuser/app/src/views/ForgotPassword.vue","statementMap":{"0":{"start":{"line":4,"column":13},"end":{"line":4,"column":21}},"1":{"start":{"line":5,"column":15},"end":{"line":5,"column":23}},"2":{"start":{"line":6,"column":13},"end":{"line":6,"column":21}},"3":{"start":{"line":7,"column":15},"end":{"line":7,"column":26}},"4":{"start":{"line":9,"column":21},"end":{"line":39,"column":1}},"5":{"start":{"line":11,"column":2},"end":{"line":11,"column":null}},"6":{"start":{"line":12,"column":2},"end":{"line":12,"column":null}},"7":{"start":{"line":13,"column":2},"end":{"line":13,"column":null}},"8":{"start":{"line":15,"column":2},"end":{"line":38,"column":null}},"9":{"start":{"line":16,"column":21},"end":{"line":22,"column":6}},"10":{"start":{"line":25,"column":4},"end":{"line":31,"column":null}},"11":{"start":{"line":26,"column":6},"end":{"line":26,"column":null}},"12":{"start":{"line":27,"column":6},"end":{"line":27,"column":null}},"13":{"start":{"line":29,"column":19},"end":{"line":29,"column":40}},"14":{"start":{"line":30,"column":6},"end":{"line":30,"column":null}},"15":{"start":{"line":33,"column":4},"end":{"line":33,"column":null}},"16":{"start":{"line":34,"column":4},"end":{"line":34,"column":null}},"17":{"start":{"line":35,"column":4},"end":{"line":35,"column":null}},"18":{"start":{"line":37,"column":4},"end":{"line":37,"column":null}},"19":{"start":{"line":43,"column":7},"end":{"line":43,"column":null}},"20":{"start":{"line":74,"column":7},"end":{"line":74,"column":null}},"21":{"start":{"line":56,"column":17},"end":{"line":56,"column":null}}},"fnMap":{"0":{"name":"(anonymous_0)","decl":{"start":{"line":9,"column":21},"end":{"line":9,"column":26}},"loc":{"start":{"line":9,"column":33},"end":{"line":39,"column":1}},"line":9},"1":{"name":"(anonymous_1)","decl":{"start":{"line":56,"column":17},"end":{"line":56,"column":22}},"loc":{"start":{"line":56,"column":17},"end":{"line":56,"column":null}},"line":56}},"branchMap":{"0":{"loc":{"start":{"line":25,"column":4},"end":{"line":31,"column":null}},"type":"if","locations":[{"start":{"line":25,"column":4},"end":{"line":31,"column":null}},{"start":{"line":28,"column":11},"end":{"line":31,"column":null}}],"line":25},"1":{"loc":{"start":{"line":25,"column":8},"end":{"line":25,"column":46}},"type":"binary-expr","locations":[{"start":{"line":25,"column":8},"end":{"line":25,"column":19}},{"start":{"line":25,"column":23},"end":{"line":25,"column":46}}],"line":25},"2":{"loc":{"start":{"line":30,"column":22},"end":{"line":30,"column":53}},"type":"binary-expr","locations":[{"start":{"line":30,"column":22},"end":{"line":30,"column":33}},{"start":{"line":30,"column":37},"end":{"line":30,"column":53}}],"line":30},"3":{"loc":{"start":{"line":34,"column":18},"end":{"line":34,"column":75}},"type":"binary-expr","locations":[{"start":{"line":34,"column":18},"end":{"line":34,"column":27}},{"start":{"line":34,"column":31},"end":{"line":34,"column":75}}],"line":34},"4":{"loc":{"start":{"line":44,"column":4},"end":{"line":44,"column":78}},"type":"binary-expr","locations":[{"start":{"line":44,"column":4},"end":{"line":44,"column":8}},{"start":{"line":44,"column":4},"end":{"line":44,"column":78}}],"line":44},"5":{"loc":{"start":{"line":45,"column":4},"end":{"line":45,"column":112}},"type":"binary-expr","locations":[{"start":{"line":45,"column":4},"end":{"line":45,"column":7}},{"start":{"line":45,"column":4},"end":{"line":45,"column":112}}],"line":45},"6":{"loc":{"start":{"line":48,"column":6},"end":{"line":48,"column":24}},"type":"binary-expr","locations":[{"start":{"line":48,"column":6},"end":{"line":48,"column":14}},{"start":{"line":48,"column":6},"end":{"line":48,"column":24}}],"line":48},"7":{"loc":{"start":{"line":51,"column":6},"end":{"line":51,"column":24}},"type":"binary-expr","locations":[{"start":{"line":51,"column":6},"end":{"line":51,"column":14}},{"start":{"line":51,"column":6},"end":{"line":51,"column":24}}],"line":51},"8":{"loc":{"start":{"line":56,"column":17},"end":{"line":56,"column":null}},"type":"binary-expr","locations":[{"start":{"line":56,"column":17},"end":{"line":56,"column":22}},{"start":{"line":56,"column":17},"end":{"line":56,"column":null}}],"line":56},"9":{"loc":{"start":{"line":70,"column":11},"end":{"line":70,"column":null}},"type":"cond-expr","locations":[{"start":{"line":70,"column":18},"end":{"line":70,"column":null}},{"start":{"line":70,"column":18},"end":{"line":70,"column":null}}],"line":70}},"s":{"0":9,"1":9,"2":9,"3":9,"4":9,"5":7,"6":7,"7":7,"8":7,"9":7,"10":4,"11":2,"12":2,"13":2,"14":2,"15":3,"16":3,"17":3,"18":5,"19":1,"20":1,"21":7},"f":{"0":7,"1":7},"b":{"0":[2,2],"1":[4,2],"2":[2,0],"3":[3,0],"4":[28,9],"5":[28,9],"6":[2,2],"7":[3,3],"8":[28,9],"9":[7,21]},"meta":{"lastBranch":10,"lastFunction":2,"lastStatement":22,"seen":{"s:4:13:4:21":0,"s:5:15:5:23":1,"s:6:13:6:21":2,"s:7:15:7:26":3,"s:9:21:39:1":4,"f:9:21:9:26":0,"s:11:2:11:Infinity":5,"s:12:2:12:Infinity":6,"s:13:2:13:Infinity":7,"s:15:2:38:Infinity":8,"s:16:21:22:6":9,"b:25:4:31:Infinity:28:11:31:Infinity":0,"s:25:4:31:Infinity":10,"b:25:8:25:19:25:23:25:46":1,"s:26:6:26:Infinity":11,"s:27:6:27:Infinity":12,"s:29:19:29:40":13,"s:30:6:30:Infinity":14,"b:30:22:30:33:30:37:30:53":2,"s:33:4:33:Infinity":15,"s:34:4:34:Infinity":16,"b:34:18:34:27:34:31:34:75":3,"s:35:4:35:Infinity":17,"s:37:4:37:Infinity":18,"s:43:7:43:Infinity":19,"s:74:7:74:Infinity":20,"b:44:4:44:8:44:4:44:78":4,"b:45:4:45:7:45:4:45:112":5,"b:48:6:48:14:48:6:48:24":6,"b:51:6:51:14:51:6:51:24":7,"b:56:17:56:22:56:17:56:Infinity":8,"f:56:17:56:22":1,"s:56:17:56:Infinity":21,"b:70:18:70:Infinity:70:18:70:Infinity":9}}}
,"/home/appuser/app/src/views/Login.vue": {"path":"/home/appuser/app/src/views/Login.vue","statementMap":{"0":{"start":{"line":6,"column":13},"end":{"line":6,"column":21}},"1":{"start":{"line":7,"column":16},"end":{"line":7,"column":24}},"2":{"start":{"line":8,"column":13},"end":{"line":8,"column":21}},"3":{"start":{"line":9,"column":14},"end":{"line":9,"column":26}},"4":{"start":{"line":11,"column":14},"end":{"line":19,"column":1}},"5":{"start":{"line":12,"column":2},"end":{"line":18,"column":null}},"6":{"start":{"line":13,"column":4},"end":{"line":13,"column":null}},"7":{"start":{"line":14,"column":4},"end":{"line":14,"column":null}},"8":{"start":{"line":15,"column":4},"end":{"line":15,"column":null}},"9":{"start":{"line":17,"column":4},"end":{"line":17,"column":null}},"10":{"start":{"line":23,"column":7},"end":{"line":23,"column":null}},"11":{"start":{"line":49,"column":7},"end":{"line":49,"column":null}},"12":{"start":{"line":28,"column":17},"end":{"line":28,"column":null}},"13":{"start":{"line":37,"column":17},"end":{"line":37,"column":null}}},"fnMap":{"0":{"name":"(anonymous_0)","decl":{"start":{"line":11,"column":14},"end":{"line":11,"column":19}},"loc":{"start":{"line":11,"column":26},"end":{"line":19,"column":1}},"line":11},"1":{"name":"(anonymous_1)","decl":{"start":{"line":28,"column":17},"end":{"line":28,"column":22}},"loc":{"start":{"line":28,"column":17},"end":{"line":28,"column":null}},"line":28},"2":{"name":"(anonymous_2)","decl":{"start":{"line":37,"column":17},"end":{"line":37,"column":25}},"loc":{"start":{"line":37,"column":17},"end":{"line":37,"column":null}},"line":37}},"branchMap":{"0":{"loc":{"start":{"line":17,"column":18},"end":{"line":17,"column":52}},"type":"binary-expr","locations":[{"start":{"line":17,"column":18},"end":{"line":17,"column":27}},{"start":{"line":17,"column":31},"end":{"line":17,"column":52}}],"line":17},"1":{"loc":{"start":{"line":24,"column":4},"end":{"line":24,"column":68}},"type":"binary-expr","locations":[{"start":{"line":24,"column":4},"end":{"line":24,"column":8}},{"start":{"line":24,"column":4},"end":{"line":24,"column":68}}],"line":24},"2":{"loc":{"start":{"line":28,"column":17},"end":{"line":28,"column":null}},"type":"binary-expr","locations":[{"start":{"line":28,"column":17},"end":{"line":28,"column":22}},{"start":{"line":28,"column":17},"end":{"line":28,"column":null}}],"line":28},"3":{"loc":{"start":{"line":37,"column":17},"end":{"line":37,"column":null}},"type":"binary-expr","locations":[{"start":{"line":37,"column":17},"end":{"line":37,"column":25}},{"start":{"line":37,"column":17},"end":{"line":37,"column":null}}],"line":37},"4":{"loc":{"start":{"line":45,"column":6},"end":{"line":47,"column":15}},"type":"binary-expr","locations":[{"start":{"line":45,"column":6},"end":{"line":45,"column":14}},{"start":{"line":45,"column":6},"end":{"line":47,"column":15}}],"line":45}},"s":{"0":9,"1":9,"2":9,"3":9,"4":9,"5":5,"6":5,"7":5,"8":3,"9":2,"10":1,"11":1,"12":5,"13":6},"f":{"0":5,"1":5,"2":6},"b":{"0":[2,0],"1":[23,9],"2":[23,9],"3":[23,9],"4":[23,9]},"meta":{"lastBranch":5,"lastFunction":3,"lastStatement":14,"seen":{"s:6:13:6:21":0,"s:7:16:7:24":1,"s:8:13:8:21":2,"s:9:14:9:26":3,"s:11:14:19:1":4,"f:11:14:11:19":0,"s:12:2:18:Infinity":5,"s:13:4:13:Infinity":6,"s:14:4:14:Infinity":7,"s:15:4:15:Infinity":8,"s:17:4:17:Infinity":9,"b:17:18:17:27:17:31:17:52":0,"s:23:7:23:Infinity":10,"s:49:7:49:Infinity":11,"b:24:4:24:8:24:4:24:68":1,"b:28:17:28:22:28:17:28:Infinity":2,"f:28:17:28:22":1,"s:28:17:28:Infinity":12,"b:37:17:37:25:37:17:37:Infinity":3,"f:37:17:37:25":2,"s:37:17:37:Infinity":13,"b:45:6:45:14:45:6:47:15":4}}}
,"/home/appuser/app/src/views/ResetPassword.vue": {"path":"/home/appuser/app/src/views/ResetPassword.vue","statementMap":{"0":{"start":{"line":5,"column":16},"end":{"line":5,"column":24}},"1":{"start":{"line":6,"column":13},"end":{"line":6,"column":21}},"2":{"start":{"line":7,"column":13},"end":{"line":7,"column":24}},"3":{"start":{"line":8,"column":14},"end":{"line":8,"column":26}},"4":{"start":{"line":9,"column":14},"end":{"line":9,"column":31}},"5":{"start":{"line":11,"column":22},"end":{"line":29,"column":1}},"6":{"start":{"line":12,"column":2},"end":{"line":28,"column":null}},"7":{"start":{"line":13,"column":21},"end":{"line":19,"column":6}},"8":{"start":{"line":21,"column":4},"end":{"line":23,"column":null}},"9":{"start":{"line":22,"column":6},"end":{"line":22,"column":null}},"10":{"start":{"line":25,"column":4},"end":{"line":25,"column":null}},"11":{"start":{"line":27,"column":4},"end":{"line":27,"column":null}},"12":{"start":{"line":33,"column":7},"end":{"line":33,"column":null}},"13":{"start":{"line":38,"column":17},"end":{"line":38,"column":null}}},"fnMap":{"0":{"name":"(anonymous_0)","decl":{"start":{"line":11,"column":22},"end":{"line":11,"column":27}},"loc":{"start":{"line":11,"column":34},"end":{"line":29,"column":1}},"line":11},"1":{"name":"(anonymous_1)","decl":{"start":{"line":38,"column":17},"end":{"line":38,"column":25}},"loc":{"start":{"line":38,"column":17},"end":{"line":38,"column":null}},"line":38}},"branchMap":{"0":{"loc":{"start":{"line":21,"column":4},"end":{"line":23,"column":null}},"type":"if","locations":[{"start":{"line":21,"column":4},"end":{"line":23,"column":null}},{"start":{},"end":{}}],"line":21},"1":{"loc":{"start":{"line":34,"column":4},"end":{"line":34,"column":77}},"type":"binary-expr","locations":[{"start":{"line":34,"column":4},"end":{"line":34,"column":8}},{"start":{"line":34,"column":4},"end":{"line":34,"column":77}}],"line":34},"2":{"loc":{"start":{"line":38,"column":17},"end":{"line":38,"column":null}},"type":"binary-expr","locations":[{"start":{"line":38,"column":17},"end":{"line":38,"column":25}},{"start":{"line":38,"column":17},"end":{"line":38,"column":null}}],"line":38},"3":{"loc":{"start":{"line":44,"column":6},"end":{"line":46,"column":15}},"type":"binary-expr","locations":[{"start":{"line":44,"column":6},"end":{"line":44,"column":14}},{"start":{"line":44,"column":6},"end":{"line":46,"column":15}}],"line":44}},"s":{"0":8,"1":8,"2":8,"3":8,"4":8,"5":8,"6":4,"7":4,"8":3,"9":2,"10":1,"11":3,"12":1,"13":5},"f":{"0":4,"1":5},"b":{"0":[2,1],"1":[16,8],"2":[16,8],"3":[16,8]},"meta":{"lastBranch":4,"lastFunction":2,"lastStatement":14,"seen":{"s:5:16:5:24":0,"s:6:13:6:21":1,"s:7:13:7:24":2,"s:8:14:8:26":3,"s:9:14:9:31":4,"s:11:22:29:1":5,"f:11:22:11:27":0,"s:12:2:28:Infinity":6,"s:13:21:19:6":7,"b:21:4:23:Infinity:undefined:undefined:undefined:undefined":0,"s:21:4:23:Infinity":8,"s:22:6:22:Infinity":9,"s:25:4:25:Infinity":10,"s:27:4:27:Infinity":11,"s:33:7:33:Infinity":12,"b:34:4:34:8:34:4:34:77":1,"b:38:17:38:25:38:17:38:Infinity":2,"f:38:17:38:25":1,"s:38:17:38:Infinity":13,"b:44:6:44:14:44:6:46:15":3}}}
}
