{"/home/appuser/app/src/App.vue": {"path":"/home/appuser/app/src/App.vue","statementMap":{"0":{"start":{"line":6,"column":14},"end":{"line":6,"column":26}},"1":{"start":{"line":7,"column":13},"end":{"line":7,"column":24}},"2":{"start":{"line":8,"column":18},"end":{"line":8,"column":29}},"3":{"start":{"line":9,"column":19},"end":{"line":9,"column":29}},"4":{"start":{"line":10,"column":19},"end":{"line":10,"column":30}},"5":{"start":{"line":12,"column":18},"end":{"line":21,"column":1}},"6":{"start":{"line":13,"column":2},"end":{"line":13,"column":null}},"7":{"start":{"line":14,"column":2},"end":{"line":20,"column":null}},"8":{"start":{"line":15,"column":4},"end":{"line":15,"column":null}},"9":{"start":{"line":16,"column":4},"end":{"line":16,"column":null}},"10":{"start":{"line":18,"column":4},"end":{"line":18,"column":null}},"11":{"start":{"line":19,"column":4},"end":{"line":19,"column":null}},"12":{"start":{"line":23,"column":0},"end":{"line":29,"column":null}},"13":{"start":{"line":24,"column":2},"end":{"line":24,"column":null}},"14":{"start":{"line":26,"column":2},"end":{"line":28,"column":null}},"15":{"start":{"line":27,"column":4},"end":{"line":27,"column":null}},"16":{"start":{"line":32,"column":0},"end":{"line":36,"column":null}},"17":{"start":{"line":32,"column":12},"end":{"line":32,"column":22}},"18":{"start":{"line":33,"column":2},"end":{"line":35,"column":null}},"19":{"start":{"line":34,"column":4},"end":{"line":34,"column":null}},"20":{"start":{"line":38,"column":15},"end":{"line":44,"column":1}},"21":{"start":{"line":39,"column":1},"end":{"line":39,"column":null}},"22":{"start":{"line":40,"column":2},"end":{"line":40,"column":null}},"23":{"start":{"line":41,"column":2},"end":{"line":41,"column":null}},"24":{"start":{"line":42,"column":2},"end":{"line":42,"column":null}},"25":{"start":{"line":43,"column":2},"end":{"line":43,"column":null}},"26":{"start":{"line":46,"column":17},"end":{"line":48,"column":2}},"27":{"start":{"line":47,"column":2},"end":{"line":47,"column":null}},"28":{"start":{"line":50,"column":22},"end":{"line":52,"column":1}},"29":{"start":{"line":51,"column":2},"end":{"line":51,"column":null}},"30":{"start":{"line":56,"column":7},"end":{"line":56,"column":null}},"31":{"start":{"line":58,"column":11},"end":{"line":58,"column":null}},"32":{"start":{"line":59,"column":12},"end":{"line":59,"column":50}},"33":{"start":{"line":66,"column":11},"end":{"line":66,"column":null}}},"fnMap":{"0":{"name":"(anonymous_0)","decl":{"start":{"line":12,"column":18},"end":{"line":12,"column":23}},"loc":{"start":{"line":12,"column":30},"end":{"line":21,"column":1}},"line":12},"1":{"name":"(anonymous_1)","decl":{"start":{"line":23,"column":10},"end":{"line":23,"column":11}},"loc":{"start":{"line":23,"column":16},"end":{"line":29,"column":1}},"line":23},"2":{"name":"(anonymous_2)","decl":{"start":{"line":26,"column":19},"end":{"line":26,"column":20}},"loc":{"start":{"line":26,"column":25},"end":{"line":28,"column":3}},"line":26},"3":{"name":"(anonymous_3)","decl":{"start":{"line":32,"column":6},"end":{"line":32,"column":7}},"loc":{"start":{"line":32,"column":12},"end":{"line":32,"column":22}},"line":32},"4":{"name":"(anonymous_4)","decl":{"start":{"line":32,"column":24},"end":{"line":32,"column":25}},"loc":{"start":{"line":32,"column":30},"end":{"line":36,"column":1}},"line":32},"5":{"name":"(anonymous_5)","decl":{"start":{"line":38,"column":15},"end":{"line":38,"column":16}},"loc":{"start":{"line":38,"column":21},"end":{"line":44,"column":1}},"line":38},"6":{"name":"(anonymous_6)","decl":{"start":{"line":46,"column":27},"end":{"line":46,"column":28}},"loc":{"start":{"line":46,"column":33},"end":{"line":48,"column":1}},"line":46},"7":{"name":"(anonymous_7)","decl":{"start":{"line":50,"column":22},"end":{"line":50,"column":23}},"loc":{"start":{"line":50,"column":32},"end":{"line":52,"column":1}},"line":50}},"branchMap":{"0":{"loc":{"start":{"line":14,"column":2},"end":{"line":20,"column":null}},"type":"if","locations":[{"start":{"line":14,"column":2},"end":{"line":20,"column":null}},{"start":{"line":17,"column":9},"end":{"line":20,"column":null}}],"line":14},"1":{"loc":{"start":{"line":33,"column":2},"end":{"line":35,"column":null}},"type":"if","locations":[{"start":{"line":33,"column":2},"end":{"line":35,"column":null}},{"start":{},"end":{}}],"line":33},"2":{"loc":{"start":{"line":47,"column":9},"end":{"line":47,"column":34}},"type":"binary-expr","locations":[{"start":{"line":47,"column":9},"end":{"line":47,"column":25}},{"start":{"line":47,"column":29},"end":{"line":47,"column":34}}],"line":47}},"s":{"0":9,"1":9,"2":9,"3":9,"4":9,"5":9,"6":12,"7":12,"8":9,"9":9,"10":3,"11":3,"12":9,"13":9,"14":9,"15":2,"16":9,"17":11,"18":2,"19":1,"20":9,"21":1,"22":1,"23":1,"24":1,"25":1,"26":9,"27":8,"28":9,"29":19,"30":1,"31":1,"32":1,"33":1},"f":{"0":12,"1":9,"2":2,"3":11,"4":2,"5":1,"6":8,"7":19},"b":{"0":[9,3],"1":[1,1],"2":[8,1]},"meta":{"lastBranch":3,"lastFunction":8,"lastStatement":34,"seen":{"s:6:14:6:26":0,"s:7:13:7:24":1,"s:8:18:8:29":2,"s:9:19:9:29":3,"s:10:19:10:30":4,"s:12:18:21:1":5,"f:12:18:12:23":0,"s:13:2:13:Infinity":6,"b:14:2:20:Infinity:17:9:20:Infinity":0,"s:14:2:20:Infinity":7,"s:15:4:15:Infinity":8,"s:16:4:16:Infinity":9,"s:18:4:18:Infinity":10,"s:19:4:19:Infinity":11,"s:23:0:29:Infinity":12,"f:23:10:23:11":1,"s:24:2:24:Infinity":13,"s:26:2:28:Infinity":14,"f:26:19:26:20":2,"s:27:4:27:Infinity":15,"s:32:0:36:Infinity":16,"f:32:6:32:7":3,"s:32:12:32:22":17,"f:32:24:32:25":4,"b:33:2:35:Infinity:undefined:undefined:undefined:undefined":1,"s:33:2:35:Infinity":18,"s:34:4:34:Infinity":19,"s:38:15:44:1":20,"f:38:15:38:16":5,"s:39:1:39:Infinity":21,"s:40:2:40:Infinity":22,"s:41:2:41:Infinity":23,"s:42:2:42:Infinity":24,"s:43:2:43:Infinity":25,"s:46:17:48:2":26,"f:46:27:46:28":6,"s:47:2:47:Infinity":27,"b:47:9:47:25:47:29:47:34":2,"s:50:22:52:1":28,"f:50:22:50:23":7,"s:51:2:51:Infinity":29,"s:56:7:56:Infinity":30,"s:58:11:58:Infinity":31,"s:59:12:59:50":32,"s:66:11:66:Infinity":33}}}
,"/home/appuser/app/src/utils/auth.js": {"path":"/home/appuser/app/src/utils/auth.js","statementMap":{"0":{"start":{"line":6,"column":18},"end":{"line":6,"column":25}},"1":{"start":{"line":7,"column":24},"end":{"line":7,"column":42}},"2":{"start":{"line":8,"column":32},"end":{"line":8,"column":35}},"3":{"start":{"line":16,"column":2},"end":{"line":28,"column":null}},"4":{"start":{"line":17,"column":22},"end":{"line":17,"column":41}},"5":{"start":{"line":18,"column":19},"end":{"line":18,"column":66}},"6":{"start":{"line":19,"column":24},"end":{"line":24,"column":5}},"7":{"start":{"line":22,"column":20},"end":{"line":22,"column":73}},"8":{"start":{"line":25,"column":4},"end":{"line":25,"column":null}},"9":{"start":{"line":27,"column":4},"end":{"line":27,"column":null}},"10":{"start":{"line":37,"column":2},"end":{"line":37,"column":null}},"11":{"start":{"line":37,"column":14},"end":{"line":37,"column":null}},"12":{"start":{"line":39,"column":18},"end":{"line":39,"column":36}},"13":{"start":{"line":40,"column":2},"end":{"line":40,"column":null}},"14":{"start":{"line":40,"column":32},"end":{"line":40,"column":null}},"15":{"start":{"line":42,"column":25},"end":{"line":42,"column":43}},"16":{"start":{"line":43,"column":22},"end":{"line":43,"column":32}},"17":{"start":{"line":44,"column":30},"end":{"line":44,"column":67}},"18":{"start":{"line":46,"column":2},"end":{"line":46,"column":null}},"19":{"start":{"line":54,"column":2},"end":{"line":54,"column":null}},"20":{"start":{"line":62,"column":2},"end":{"line":62,"column":null}},"21":{"start":{"line":69,"column":2},"end":{"line":69,"column":null}},"22":{"start":{"line":70,"column":2},"end":{"line":70,"column":null}},"23":{"start":{"line":78,"column":16},"end":{"line":78,"column":26}},"24":{"start":{"line":79,"column":2},"end":{"line":79,"column":null}},"25":{"start":{"line":89,"column":17},"end":{"line":89,"column":38}},"26":{"start":{"line":90,"column":2},"end":{"line":90,"column":null}},"27":{"start":{"line":91,"column":2},"end":{"line":91,"column":null}},"28":{"start":{"line":93,"column":19},"end":{"line":99,"column":4}},"29":{"start":{"line":101,"column":2},"end":{"line":117,"column":null}},"30":{"start":{"line":102,"column":23},"end":{"line":102,"column":37}},"31":{"start":{"line":103,"column":4},"end":{"line":115,"column":null}},"32":{"start":{"line":104,"column":26},"end":{"line":104,"column":62}},"33":{"start":{"line":105,"column":6},"end":{"line":112,"column":null}},"34":{"start":{"line":106,"column":26},"end":{"line":106,"column":47}},"35":{"start":{"line":107,"column":8},"end":{"line":107,"column":null}},"36":{"start":{"line":110,"column":21},"end":{"line":110,"column":42}},"37":{"start":{"line":111,"column":8},"end":{"line":111,"column":null}},"38":{"start":{"line":114,"column":6},"end":{"line":114,"column":null}},"39":{"start":{"line":116,"column":4},"end":{"line":116,"column":null}},"40":{"start":{"line":119,"column":15},"end":{"line":119,"column":36}},"41":{"start":{"line":121,"column":2},"end":{"line":125,"column":null}},"42":{"start":{"line":122,"column":4},"end":{"line":122,"column":null}},"43":{"start":{"line":127,"column":2},"end":{"line":127,"column":null}},"44":{"start":{"line":137,"column":16},"end":{"line":137,"column":26}},"45":{"start":{"line":139,"column":2},"end":{"line":141,"column":null}},"46":{"start":{"line":140,"column":4},"end":{"line":140,"column":null}},"47":{"start":{"line":143,"column":2},"end":{"line":145,"column":null}},"48":{"start":{"line":144,"column":4},"end":{"line":144,"column":null}},"49":{"start":{"line":150,"column":2},"end":{"line":150,"column":null}},"50":{"start":{"line":151,"column":2},"end":{"line":151,"column":null}},"51":{"start":{"line":161,"column":14},"end":{"line":161,"column":38}},"52":{"start":{"line":163,"column":2},"end":{"line":166,"column":null}},"53":{"start":{"line":165,"column":4},"end":{"line":165,"column":null}},"54":{"start":{"line":168,"column":18},"end":{"line":171,"column":3}},"55":{"start":{"line":173,"column":17},"end":{"line":176,"column":4}},"56":{"start":{"line":179,"column":2},"end":{"line":182,"column":null}},"57":{"start":{"line":180,"column":4},"end":{"line":180,"column":null}},"58":{"start":{"line":181,"column":4},"end":{"line":181,"column":null}},"59":{"start":{"line":184,"column":2},"end":{"line":184,"column":null}},"60":{"start":{"line":191,"column":2},"end":{"line":191,"column":null}},"61":{"start":{"line":193,"column":2},"end":{"line":195,"column":null}},"62":{"start":{"line":194,"column":4},"end":{"line":194,"column":null}},"63":{"start":{"line":199,"column":17},"end":{"line":199,"column":21}},"64":{"start":{"line":207,"column":2},"end":{"line":209,"column":null}},"65":{"start":{"line":208,"column":4},"end":{"line":208,"column":null}},"66":{"start":{"line":211,"column":2},"end":{"line":214,"column":null}},"67":{"start":{"line":212,"column":4},"end":{"line":212,"column":null}},"68":{"start":{"line":213,"column":4},"end":{"line":213,"column":null}},"69":{"start":{"line":216,"column":2},"end":{"line":229,"column":null}},"70":{"start":{"line":217,"column":21},"end":{"line":217,"column":58}},"71":{"start":{"line":218,"column":4},"end":{"line":225,"column":null}},"72":{"start":{"line":219,"column":19},"end":{"line":219,"column":40}},"73":{"start":{"line":220,"column":6},"end":{"line":220,"column":null}},"74":{"start":{"line":221,"column":6},"end":{"line":221,"column":null}},"75":{"start":{"line":223,"column":6},"end":{"line":223,"column":null}},"76":{"start":{"line":224,"column":6},"end":{"line":224,"column":null}},"77":{"start":{"line":227,"column":4},"end":{"line":227,"column":null}},"78":{"start":{"line":228,"column":4},"end":{"line":228,"column":null}},"79":{"start":{"line":237,"column":15},"end":{"line":237,"column":37}},"80":{"start":{"line":238,"column":2},"end":{"line":238,"column":null}}},"fnMap":{"0":{"name":"decodeToken","decl":{"start":{"line":15,"column":9},"end":{"line":15,"column":20}},"loc":{"start":{"line":15,"column":28},"end":{"line":29,"column":null}},"line":15},"1":{"name":"(anonymous_1)","decl":{"start":{"line":22,"column":13},"end":{"line":22,"column":14}},"loc":{"start":{"line":22,"column":20},"end":{"line":22,"column":73}},"line":22},"2":{"name":"isTokenExpiredOrExpiringSoon","decl":{"start":{"line":36,"column":9},"end":{"line":36,"column":37}},"loc":{"start":{"line":36,"column":45},"end":{"line":47,"column":null}},"line":36},"3":{"name":"getToken","decl":{"start":{"line":53,"column":16},"end":{"line":53,"column":24}},"loc":{"start":{"line":53,"column":27},"end":{"line":55,"column":null}},"line":53},"4":{"name":"setToken","decl":{"start":{"line":61,"column":16},"end":{"line":61,"column":24}},"loc":{"start":{"line":61,"column":32},"end":{"line":63,"column":null}},"line":61},"5":{"name":"removeToken","decl":{"start":{"line":68,"column":16},"end":{"line":68,"column":27}},"loc":{"start":{"line":68,"column":30},"end":{"line":71,"column":null}},"line":68},"6":{"name":"isAuthenticated","decl":{"start":{"line":77,"column":16},"end":{"line":77,"column":31}},"loc":{"start":{"line":77,"column":34},"end":{"line":80,"column":null}},"line":77},"7":{"name":"login","decl":{"start":{"line":88,"column":22},"end":{"line":88,"column":27}},"loc":{"start":{"line":88,"column":45},"end":{"line":128,"column":null}},"line":88},"8":{"name":"ensureValidToken","decl":{"start":{"line":136,"column":22},"end":{"line":136,"column":38}},"loc":{"start":{"line":136,"column":41},"end":{"line":152,"column":null}},"line":136},"9":{"name":"authenticatedFetch","decl":{"start":{"line":160,"column":22},"end":{"line":160,"column":40}},"loc":{"start":{"line":160,"column":60},"end":{"line":185,"column":null}},"line":160},"10":{"name":"logout","decl":{"start":{"line":190,"column":16},"end":{"line":190,"column":22}},"loc":{"start":{"line":190,"column":25},"end":{"line":196,"column":null}},"line":190},"11":{"name":"getCurrentUser","decl":{"start":{"line":205,"column":22},"end":{"line":205,"column":36}},"loc":{"start":{"line":205,"column":39},"end":{"line":230,"column":null}},"line":205},"12":{"name":"isAdmin","decl":{"start":{"line":236,"column":22},"end":{"line":236,"column":29}},"loc":{"start":{"line":236,"column":32},"end":{"line":239,"column":null}},"line":236}},"branchMap":{"0":{"loc":{"start":{"line":37,"column":2},"end":{"line":37,"column":null}},"type":"if","locations":[{"start":{"line":37,"column":2},"end":{"line":37,"column":null}},{"start":{},"end":{}}],"line":37},"1":{"loc":{"start":{"line":40,"column":2},"end":{"line":40,"column":null}},"type":"if","locations":[{"start":{"line":40,"column":2},"end":{"line":40,"column":null}},{"start":{},"end":{}}],"line":40},"2":{"loc":{"start":{"line":40,"column":6},"end":{"line":40,"column":30}},"type":"binary-expr","locations":[{"start":{"line":40,"column":6},"end":{"line":40,"column":14}},{"start":{"line":40,"column":18},"end":{"line":40,"column":30}}],"line":40},"3":{"loc":{"start":{"line":79,"column":9},"end":{"line":79,"column":54}},"type":"binary-expr","locations":[{"start":{"line":79,"column":9},"end":{"line":79,"column":14}},{"start":{"line":79,"column":18},"end":{"line":79,"column":54}}],"line":79},"4":{"loc":{"start":{"line":101,"column":2},"end":{"line":117,"column":null}},"type":"if","locations":[{"start":{"line":101,"column":2},"end":{"line":117,"column":null}},{"start":{},"end":{}}],"line":101},"5":{"loc":{"start":{"line":105,"column":6},"end":{"line":112,"column":null}},"type":"if","locations":[{"start":{"line":105,"column":6},"end":{"line":112,"column":null}},{"start":{"line":108,"column":13},"end":{"line":112,"column":null}}],"line":105},"6":{"loc":{"start":{"line":105,"column":10},"end":{"line":105,"column":65}},"type":"binary-expr","locations":[{"start":{"line":105,"column":10},"end":{"line":105,"column":21}},{"start":{"line":105,"column":25},"end":{"line":105,"column":65}}],"line":105},"7":{"loc":{"start":{"line":107,"column":23},"end":{"line":107,"column":55}},"type":"binary-expr","locations":[{"start":{"line":107,"column":23},"end":{"line":107,"column":39}},{"start":{"line":107,"column":43},"end":{"line":107,"column":55}}],"line":107},"8":{"loc":{"start":{"line":121,"column":2},"end":{"line":125,"column":null}},"type":"if","locations":[{"start":{"line":121,"column":2},"end":{"line":125,"column":null}},{"start":{},"end":{}}],"line":121},"9":{"loc":{"start":{"line":139,"column":2},"end":{"line":141,"column":null}},"type":"if","locations":[{"start":{"line":139,"column":2},"end":{"line":141,"column":null}},{"start":{},"end":{}}],"line":139},"10":{"loc":{"start":{"line":143,"column":2},"end":{"line":145,"column":null}},"type":"if","locations":[{"start":{"line":143,"column":2},"end":{"line":145,"column":null}},{"start":{},"end":{}}],"line":143},"11":{"loc":{"start":{"line":160,"column":46},"end":{"line":160,"column":58}},"type":"default-arg","locations":[{"start":{"line":160,"column":56},"end":{"line":160,"column":58}}],"line":160},"12":{"loc":{"start":{"line":163,"column":2},"end":{"line":166,"column":null}},"type":"if","locations":[{"start":{"line":163,"column":2},"end":{"line":166,"column":null}},{"start":{},"end":{}}],"line":163},"13":{"loc":{"start":{"line":179,"column":2},"end":{"line":182,"column":null}},"type":"if","locations":[{"start":{"line":179,"column":2},"end":{"line":182,"column":null}},{"start":{},"end":{}}],"line":179},"14":{"loc":{"start":{"line":193,"column":2},"end":{"line":195,"column":null}},"type":"if","locations":[{"start":{"line":193,"column":2},"end":{"line":195,"column":null}},{"start":{},"end":{}}],"line":193},"15":{"loc":{"start":{"line":207,"column":2},"end":{"line":209,"column":null}},"type":"if","locations":[{"start":{"line":207,"column":2},"end":{"line":209,"column":null}},{"start":{},"end":{}}],"line":207},"16":{"loc":{"start":{"line":207,"column":6},"end":{"line":207,"column":37}},"type":"binary-expr","locations":[{"start":{"line":207,"column":6},"end":{"line":207,"column":16}},{"start":{"line":207,"column":20},"end":{"line":207,"column":37}}],"line":207},"17":{"loc":{"start":{"line":211,"column":2},"end":{"line":214,"column":null}},"type":"if","locations":[{"start":{"line":211,"column":2},"end":{"line":214,"column":null}},{"start":{},"end":{}}],"line":211},"18":{"loc":{"start":{"line":218,"column":4},"end":{"line":225,"column":null}},"type":"if","locations":[{"start":{"line":218,"column":4},"end":{"line":225,"column":null}},{"start":{"line":222,"column":11},"end":{"line":225,"column":null}}],"line":218},"19":{"loc":{"start":{"line":238,"column":9},"end":{"line":238,"column":50}},"type":"cond-expr","locations":[{"start":{"line":238,"column":16},"end":{"line":238,"column":42}},{"start":{"line":238,"column":45},"end":{"line":238,"column":50}}],"line":238}},"s":{"0":1,"1":1,"2":1,"3":24,"4":24,"5":24,"6":24,"7":1449,"8":24,"9":1,"10":24,"11":0,"12":24,"13":24,"14":1,"15":23,"16":23,"17":23,"18":23,"19":42,"20":2,"21":6,"22":6,"23":26,"24":26,"25":3,"26":3,"27":3,"28":3,"29":3,"30":2,"31":2,"32":2,"33":2,"34":2,"35":1,"36":0,"37":0,"38":1,"39":2,"40":1,"41":1,"42":1,"43":1,"44":14,"45":14,"46":1,"47":13,"48":10,"49":3,"50":3,"51":10,"52":10,"53":1,"54":9,"55":9,"56":8,"57":1,"58":1,"59":7,"60":1,"61":1,"62":1,"63":1,"64":17,"65":1,"66":16,"67":10,"68":10,"69":6,"70":6,"71":5,"72":4,"73":4,"74":4,"75":1,"76":1,"77":1,"78":1,"79":3,"80":3},"f":{"0":24,"1":1449,"2":24,"3":42,"4":2,"5":6,"6":26,"7":3,"8":14,"9":10,"10":1,"11":17,"12":3},"b":{"0":[0,24],"1":[1,23],"2":[24,23],"3":[26,11],"4":[2,1],"5":[2,0],"6":[2,2],"7":[1,0],"8":[1,0],"9":[1,13],"10":[10,3],"11":[10],"12":[1,9],"13":[1,7],"14":[1,0],"15":[1,16],"16":[17,5],"17":[10,6],"18":[4,1],"19":[2,1]},"meta":{"lastBranch":20,"lastFunction":13,"lastStatement":81,"seen":{"s:6:18:6:25":0,"s:7:24:7:42":1,"s:8:32:8:35":2,"f:15:9:15:20":0,"s:16:2:28:Infinity":3,"s:17:22:17:41":4,"s:18:19:18:66":5,"s:19:24:24:5":6,"f:22:13:22:14":1,"s:22:20:22:73":7,"s:25:4:25:Infinity":8,"s:27:4:27:Infinity":9,"f:36:9:36:37":2,"b:37:2:37:Infinity:undefined:undefined:undefined:undefined":0,"s:37:2:37:Infinity":10,"s:37:14:37:Infinity":11,"s:39:18:39:36":12,"b:40:2:40:Infinity:undefined:undefined:undefined:undefined":1,"s:40:2:40:Infinity":13,"b:40:6:40:14:40:18:40:30":2,"s:40:32:40:Infinity":14,"s:42:25:42:43":15,"s:43:22:43:32":16,"s:44:30:44:67":17,"s:46:2:46:Infinity":18,"f:53:16:53:24":3,"s:54:2:54:Infinity":19,"f:61:16:61:24":4,"s:62:2:62:Infinity":20,"f:68:16:68:27":5,"s:69:2:69:Infinity":21,"s:70:2:70:Infinity":22,"f:77:16:77:31":6,"s:78:16:78:26":23,"s:79:2:79:Infinity":24,"b:79:9:79:14:79:18:79:54":3,"f:88:22:88:27":7,"s:89:17:89:38":25,"s:90:2:90:Infinity":26,"s:91:2:91:Infinity":27,"s:93:19:99:4":28,"b:101:2:117:Infinity:undefined:undefined:undefined:undefined":4,"s:101:2:117:Infinity":29,"s:102:23:102:37":30,"s:103:4:115:Infinity":31,"s:104:26:104:62":32,"b:105:6:112:Infinity:108:13:112:Infinity":5,"s:105:6:112:Infinity":33,"b:105:10:105:21:105:25:105:65":6,"s:106:26:106:47":34,"s:107:8:107:Infinity":35,"b:107:23:107:39:107:43:107:55":7,"s:110:21:110:42":36,"s:111:8:111:Infinity":37,"s:114:6:114:Infinity":38,"s:116:4:116:Infinity":39,"s:119:15:119:36":40,"b:121:2:125:Infinity:undefined:undefined:undefined:undefined":8,"s:121:2:125:Infinity":41,"s:122:4:122:Infinity":42,"s:127:2:127:Infinity":43,"f:136:22:136:38":8,"s:137:16:137:26":44,"b:139:2:141:Infinity:undefined:undefined:undefined:undefined":9,"s:139:2:141:Infinity":45,"s:140:4:140:Infinity":46,"b:143:2:145:Infinity:undefined:undefined:undefined:undefined":10,"s:143:2:145:Infinity":47,"s:144:4:144:Infinity":48,"s:150:2:150:Infinity":49,"s:151:2:151:Infinity":50,"f:160:22:160:40":9,"b:160:56:160:58":11,"s:161:14:161:38":51,"b:163:2:166:Infinity:undefined:undefined:undefined:undefined":12,"s:163:2:166:Infinity":52,"s:165:4:165:Infinity":53,"s:168:18:171:3":54,"s:173:17:176:4":55,"b:179:2:182:Infinity:undefined:undefined:undefined:undefined":13,"s:179:2:182:Infinity":56,"s:180:4:180:Infinity":57,"s:181:4:181:Infinity":58,"s:184:2:184:Infinity":59,"f:190:16:190:22":10,"s:191:2:191:Infinity":60,"b:193:2:195:Infinity:undefined:undefined:undefined:undefined":14,"s:193:2:195:Infinity":61,"s:194:4:194:Infinity":62,"s:199:17:199:21":63,"f:205:22:205:36":11,"b:207:2:209:Infinity:undefined:undefined:undefined:undefined":15,"s:207:2:209:Infinity":64,"b:207:6:207:16:207:20:207:37":16,"s:208:4:208:Infinity":65,"b:211:2:214:Infinity:undefined:undefined:undefined:undefined":17,"s:211:2:214:Infinity":66,"s:212:4:212:Infinity":67,"s:213:4:213:Infinity":68,"s:216:2:229:Infinity":69,"s:217:21:217:58":70,"b:218:4:225:Infinity:222:11:225:Infinity":18,"s:218:4:225:Infinity":71,"s:219:19:219:40":72,"s:220:6:220:Infinity":73,"s:221:6:221:Infinity":74,"s:223:6:223:Infinity":75,"s:224:6:224:Infinity":76,"s:227:4:227:Infinity":77,"s:228:4:228:Infinity":78,"f:236:22:236:29":12,"s:237:15:237:37":79,"s:238:2:238:Infinity":80,"b:238:16:238:42:238:45:238:50":19}}}
,"/home/appuser/app/src/views/AdminUsers.vue": {"path":"/home/appuser/app/src/views/AdminUsers.vue","statementMap":{"0":{"start":{"line":6,"column":14},"end":{"line":6,"column":26}},"1":{"start":{"line":7,"column":13},"end":{"line":7,"column":21}},"2":{"start":{"line":8,"column":15},"end":{"line":8,"column":25}},"3":{"start":{"line":9,"column":13},"end":{"line":9,"column":21}},"4":{"start":{"line":10,"column":19},"end":{"line":10,"column":26}},"5":{"start":{"line":11,"column":16},"end":{"line":11,"column":24}},"6":{"start":{"line":12,"column":18},"end":{"line":12,"column":25}},"7":{"start":{"line":13,"column":18},"end":{"line":13,"column":25}},"8":{"start":{"line":16,"column":17},"end":{"line":16,"column":28}},"9":{"start":{"line":17,"column":19},"end":{"line":17,"column":29}},"10":{"start":{"line":18,"column":20},"end":{"line":18,"column":31}},"11":{"start":{"line":19,"column":18},"end":{"line":19,"column":26}},"12":{"start":{"line":20,"column":20},"end":{"line":20,"column":28}},"13":{"start":{"line":23,"column":17},"end":{"line":23,"column":25}},"14":{"start":{"line":24,"column":20},"end":{"line":24,"column":28}},"15":{"start":{"line":25,"column":20},"end":{"line":25,"column":30}},"16":{"start":{"line":26,"column":23},"end":{"line":26,"column":34}},"17":{"start":{"line":27,"column":19},"end":{"line":27,"column":27}},"18":{"start":{"line":30,"column":23},"end":{"line":30,"column":34}},"19":{"start":{"line":31,"column":20},"end":{"line":31,"column":30}},"20":{"start":{"line":32,"column":21},"end":{"line":32,"column":32}},"21":{"start":{"line":35,"column":25},"end":{"line":40,"column":1}},"22":{"start":{"line":36,"column":16},"end":{"line":36,"column":31}},"23":{"start":{"line":37,"column":2},"end":{"line":39,"column":null}},"24":{"start":{"line":38,"column":4},"end":{"line":38,"column":null}},"25":{"start":{"line":43,"column":19},"end":{"line":85,"column":1}},"26":{"start":{"line":44,"column":2},"end":{"line":84,"column":null}},"27":{"start":{"line":45,"column":4},"end":{"line":45,"column":null}},"28":{"start":{"line":46,"column":4},"end":{"line":46,"column":null}},"29":{"start":{"line":47,"column":21},"end":{"line":47,"column":91}},"30":{"start":{"line":49,"column":4},"end":{"line":69,"column":null}},"31":{"start":{"line":50,"column":6},"end":{"line":54,"column":null}},"32":{"start":{"line":51,"column":8},"end":{"line":51,"column":null}},"33":{"start":{"line":52,"column":8},"end":{"line":52,"column":null}},"34":{"start":{"line":53,"column":8},"end":{"line":53,"column":null}},"35":{"start":{"line":55,"column":25},"end":{"line":55,"column":48}},"36":{"start":{"line":56,"column":6},"end":{"line":67,"column":null}},"37":{"start":{"line":57,"column":28},"end":{"line":57,"column":64}},"38":{"start":{"line":58,"column":8},"end":{"line":64,"column":null}},"39":{"start":{"line":59,"column":23},"end":{"line":59,"column":44}},"40":{"start":{"line":60,"column":10},"end":{"line":60,"column":null}},"41":{"start":{"line":62,"column":23},"end":{"line":62,"column":44}},"42":{"start":{"line":63,"column":10},"end":{"line":63,"column":null}},"43":{"start":{"line":66,"column":8},"end":{"line":66,"column":null}},"44":{"start":{"line":68,"column":6},"end":{"line":68,"column":null}},"45":{"start":{"line":71,"column":17},"end":{"line":71,"column":38}},"46":{"start":{"line":72,"column":4},"end":{"line":72,"column":null}},"47":{"start":{"line":73,"column":4},"end":{"line":73,"column":null}},"48":{"start":{"line":74,"column":4},"end":{"line":74,"column":null}},"49":{"start":{"line":75,"column":4},"end":{"line":75,"column":null}},"50":{"start":{"line":77,"column":4},"end":{"line":81,"column":null}},"51":{"start":{"line":78,"column":6},"end":{"line":78,"column":null}},"52":{"start":{"line":80,"column":6},"end":{"line":80,"column":null}},"53":{"start":{"line":83,"column":4},"end":{"line":83,"column":null}},"54":{"start":{"line":88,"column":24},"end":{"line":98,"column":1}},"55":{"start":{"line":89,"column":2},"end":{"line":89,"column":null}},"56":{"start":{"line":90,"column":2},"end":{"line":90,"column":null}},"57":{"start":{"line":91,"column":2},"end":{"line":91,"column":null}},"58":{"start":{"line":92,"column":2},"end":{"line":92,"column":null}},"59":{"start":{"line":93,"column":2},"end":{"line":93,"column":null}},"60":{"start":{"line":94,"column":2},"end":{"line":94,"column":null}},"61":{"start":{"line":95,"column":2},"end":{"line":95,"column":null}},"62":{"start":{"line":96,"column":2},"end":{"line":96,"column":null}},"63":{"start":{"line":97,"column":2},"end":{"line":97,"column":null}},"64":{"start":{"line":101,"column":22},"end":{"line":111,"column":1}},"65":{"start":{"line":102,"column":2},"end":{"line":102,"column":null}},"66":{"start":{"line":103,"column":2},"end":{"line":103,"column":null}},"67":{"start":{"line":104,"column":2},"end":{"line":104,"column":null}},"68":{"start":{"line":105,"column":2},"end":{"line":105,"column":null}},"69":{"start":{"line":106,"column":2},"end":{"line":106,"column":null}},"70":{"start":{"line":107,"column":2},"end":{"line":107,"column":null}},"71":{"start":{"line":108,"column":2},"end":{"line":108,"column":null}},"72":{"start":{"line":109,"column":2},"end":{"line":109,"column":null}},"73":{"start":{"line":110,"column":2},"end":{"line":110,"column":null}},"74":{"start":{"line":114,"column":19},"end":{"line":117,"column":1}},"75":{"start":{"line":115,"column":2},"end":{"line":115,"column":null}},"76":{"start":{"line":116,"column":2},"end":{"line":116,"column":null}},"77":{"start":{"line":120,"column":17},"end":{"line":254,"column":1}},"78":{"start":{"line":121,"column":2},"end":{"line":121,"column":null}},"79":{"start":{"line":122,"column":2},"end":{"line":122,"column":null}},"80":{"start":{"line":123,"column":2},"end":{"line":123,"column":null}},"81":{"start":{"line":125,"column":2},"end":{"line":253,"column":null}},"82":{"start":{"line":126,"column":23},"end":{"line":130,"column":5}},"83":{"start":{"line":132,"column":4},"end":{"line":134,"column":null}},"84":{"start":{"line":133,"column":6},"end":{"line":133,"column":null}},"85":{"start":{"line":136,"column":4},"end":{"line":236,"column":null}},"86":{"start":{"line":138,"column":6},"end":{"line":140,"column":null}},"87":{"start":{"line":139,"column":8},"end":{"line":139,"column":null}},"88":{"start":{"line":142,"column":23},"end":{"line":148,"column":8}},"89":{"start":{"line":150,"column":6},"end":{"line":167,"column":null}},"90":{"start":{"line":151,"column":27},"end":{"line":151,"column":50}},"91":{"start":{"line":152,"column":8},"end":{"line":164,"column":null}},"92":{"start":{"line":153,"column":30},"end":{"line":153,"column":66}},"93":{"start":{"line":154,"column":10},"end":{"line":161,"column":null}},"94":{"start":{"line":155,"column":25},"end":{"line":155,"column":46}},"95":{"start":{"line":156,"column":12},"end":{"line":156,"column":null}},"96":{"start":{"line":159,"column":25},"end":{"line":159,"column":46}},"97":{"start":{"line":160,"column":12},"end":{"line":160,"column":null}},"98":{"start":{"line":163,"column":10},"end":{"line":163,"column":null}},"99":{"start":{"line":165,"column":8},"end":{"line":165,"column":null}},"100":{"start":{"line":166,"column":8},"end":{"line":166,"column":null}},"101":{"start":{"line":169,"column":6},"end":{"line":169,"column":null}},"102":{"start":{"line":172,"column":23},"end":{"line":181,"column":8}},"103":{"start":{"line":183,"column":6},"end":{"line":200,"column":null}},"104":{"start":{"line":184,"column":27},"end":{"line":184,"column":50}},"105":{"start":{"line":185,"column":8},"end":{"line":197,"column":null}},"106":{"start":{"line":186,"column":30},"end":{"line":186,"column":66}},"107":{"start":{"line":187,"column":10},"end":{"line":194,"column":null}},"108":{"start":{"line":188,"column":25},"end":{"line":188,"column":46}},"109":{"start":{"line":189,"column":12},"end":{"line":189,"column":null}},"110":{"start":{"line":192,"column":25},"end":{"line":192,"column":46}},"111":{"start":{"line":193,"column":12},"end":{"line":193,"column":null}},"112":{"start":{"line":196,"column":10},"end":{"line":196,"column":null}},"113":{"start":{"line":198,"column":8},"end":{"line":198,"column":null}},"114":{"start":{"line":199,"column":8},"end":{"line":199,"column":null}},"115":{"start":{"line":202,"column":22},"end":{"line":202,"column":43}},"116":{"start":{"line":205,"column":29},"end":{"line":215,"column":8}},"117":{"start":{"line":217,"column":6},"end":{"line":233,"column":null}},"118":{"start":{"line":218,"column":27},"end":{"line":218,"column":71}},"119":{"start":{"line":219,"column":8},"end":{"line":230,"column":null}},"120":{"start":{"line":220,"column":30},"end":{"line":220,"column":72}},"121":{"start":{"line":221,"column":10},"end":{"line":227,"column":null}},"122":{"start":{"line":222,"column":25},"end":{"line":222,"column":52}},"123":{"start":{"line":223,"column":12},"end":{"line":223,"column":null}},"124":{"start":{"line":225,"column":25},"end":{"line":225,"column":52}},"125":{"start":{"line":226,"column":12},"end":{"line":226,"column":null}},"126":{"start":{"line":229,"column":10},"end":{"line":229,"column":null}},"127":{"start":{"line":231,"column":8},"end":{"line":231,"column":null}},"128":{"start":{"line":232,"column":8},"end":{"line":232,"column":null}},"129":{"start":{"line":235,"column":6},"end":{"line":235,"column":null}},"130":{"start":{"line":239,"column":4},"end":{"line":239,"column":null}},"131":{"start":{"line":242,"column":4},"end":{"line":244,"column":null}},"132":{"start":{"line":243,"column":6},"end":{"line":243,"column":null}},"133":{"start":{"line":246,"column":4},"end":{"line":250,"column":null}},"134":{"start":{"line":247,"column":6},"end":{"line":247,"column":null}},"135":{"start":{"line":249,"column":6},"end":{"line":249,"column":null}},"136":{"start":{"line":252,"column":4},"end":{"line":252,"column":null}},"137":{"start":{"line":257,"column":24},"end":{"line":260,"column":1}},"138":{"start":{"line":258,"column":2},"end":{"line":258,"column":null}},"139":{"start":{"line":259,"column":2},"end":{"line":259,"column":null}},"140":{"start":{"line":263,"column":25},"end":{"line":266,"column":1}},"141":{"start":{"line":264,"column":2},"end":{"line":264,"column":null}},"142":{"start":{"line":265,"column":2},"end":{"line":265,"column":null}},"143":{"start":{"line":269,"column":19},"end":{"line":310,"column":1}},"144":{"start":{"line":270,"column":2},"end":{"line":270,"column":null}},"145":{"start":{"line":270,"column":27},"end":{"line":270,"column":null}},"146":{"start":{"line":272,"column":2},"end":{"line":272,"column":null}},"147":{"start":{"line":273,"column":2},"end":{"line":273,"column":null}},"148":{"start":{"line":275,"column":2},"end":{"line":309,"column":null}},"149":{"start":{"line":276,"column":21},"end":{"line":278,"column":6}},"150":{"start":{"line":280,"column":4},"end":{"line":296,"column":null}},"151":{"start":{"line":281,"column":25},"end":{"line":281,"column":48}},"152":{"start":{"line":282,"column":6},"end":{"line":293,"column":null}},"153":{"start":{"line":283,"column":28},"end":{"line":283,"column":64}},"154":{"start":{"line":284,"column":8},"end":{"line":290,"column":null}},"155":{"start":{"line":285,"column":23},"end":{"line":285,"column":44}},"156":{"start":{"line":286,"column":10},"end":{"line":286,"column":null}},"157":{"start":{"line":288,"column":23},"end":{"line":288,"column":44}},"158":{"start":{"line":289,"column":10},"end":{"line":289,"column":null}},"159":{"start":{"line":292,"column":8},"end":{"line":292,"column":null}},"160":{"start":{"line":294,"column":6},"end":{"line":294,"column":null}},"161":{"start":{"line":295,"column":6},"end":{"line":295,"column":null}},"162":{"start":{"line":299,"column":4},"end":{"line":299,"column":null}},"163":{"start":{"line":300,"column":4},"end":{"line":300,"column":null}},"164":{"start":{"line":302,"column":4},"end":{"line":306,"column":null}},"165":{"start":{"line":303,"column":6},"end":{"line":303,"column":null}},"166":{"start":{"line":305,"column":6},"end":{"line":305,"column":null}},"167":{"start":{"line":308,"column":4},"end":{"line":308,"column":null}},"168":{"start":{"line":313,"column":17},"end":{"line":317,"column":1}},"169":{"start":{"line":314,"column":2},"end":{"line":316,"column":null}},"170":{"start":{"line":315,"column":4},"end":{"line":315,"column":null}},"171":{"start":{"line":319,"column":19},"end":{"line":334,"column":2}},"172":{"start":{"line":320,"column":16},"end":{"line":320,"column":18}},"173":{"start":{"line":321,"column":21},"end":{"line":321,"column":22}},"174":{"start":{"line":322,"column":14},"end":{"line":322,"column":73}},"175":{"start":{"line":323,"column":12},"end":{"line":323,"column":62}},"176":{"start":{"line":325,"column":2},"end":{"line":327,"column":null}},"177":{"start":{"line":326,"column":4},"end":{"line":326,"column":null}},"178":{"start":{"line":329,"column":2},"end":{"line":331,"column":null}},"179":{"start":{"line":329,"column":15},"end":{"line":329,"column":20}},"180":{"start":{"line":330,"column":4},"end":{"line":330,"column":null}},"181":{"start":{"line":333,"column":2},"end":{"line":333,"column":null}},"182":{"start":{"line":336,"column":0},"end":{"line":339,"column":null}},"183":{"start":{"line":337,"column":2},"end":{"line":337,"column":null}},"184":{"start":{"line":338,"column":2},"end":{"line":338,"column":null}},"185":{"start":{"line":343,"column":7},"end":{"line":343,"column":null}},"186":{"start":{"line":360,"column":11},"end":{"line":360,"column":null}},"187":{"start":{"line":361,"column":15},"end":{"line":361,"column":null}},"188":{"start":{"line":371,"column":17},"end":{"line":371,"column":null}},"189":{"start":{"line":373,"column":18},"end":{"line":373,"column":79}},"190":{"start":{"line":374,"column":18},"end":{"line":374,"column":79}},"191":{"start":{"line":375,"column":18},"end":{"line":375,"column":null}},"192":{"start":{"line":379,"column":18},"end":{"line":379,"column":null}},"193":{"start":{"line":383,"column":18},"end":{"line":383,"column":null}},"194":{"start":{"line":404,"column":13},"end":{"line":404,"column":43}},"195":{"start":{"line":407,"column":13},"end":{"line":407,"column":null}},"196":{"start":{"line":441,"column":11},"end":{"line":441,"column":null}},"197":{"start":{"line":442,"column":12},"end":{"line":442,"column":null}},"198":{"start":{"line":467,"column":19},"end":{"line":467,"column":64}},"199":{"start":{"line":490,"column":15},"end":{"line":490,"column":null}},"200":{"start":{"line":500,"column":15},"end":{"line":500,"column":null}},"201":{"start":{"line":510,"column":15},"end":{"line":510,"column":null}},"202":{"start":{"line":532,"column":11},"end":{"line":532,"column":null}},"203":{"start":{"line":535,"column":11},"end":{"line":535,"column":24}},"204":{"start":{"line":544,"column":13},"end":{"line":544,"column":null}},"205":{"start":{"line":385,"column":26},"end":{"line":385,"column":null}},"206":{"start":{"line":391,"column":26},"end":{"line":391,"column":null}},"207":{"start":{"line":409,"column":20},"end":{"line":409,"column":null}},"208":{"start":{"line":415,"column":10},"end":{"line":426,"column":null}},"209":{"start":{"line":418,"column":20},"end":{"line":418,"column":null}},"210":{"start":{"line":429,"column":20},"end":{"line":429,"column":null}},"211":{"start":{"line":458,"column":23},"end":{"line":458,"column":null}},"212":{"start":{"line":471,"column":23},"end":{"line":471,"column":null}},"213":{"start":{"line":482,"column":30},"end":{"line":482,"column":42}},"214":{"start":{"line":492,"column":23},"end":{"line":492,"column":null}},"215":{"start":{"line":502,"column":23},"end":{"line":502,"column":null}}},"fnMap":{"0":{"name":"(anonymous_0)","decl":{"start":{"line":35,"column":25},"end":{"line":35,"column":30}},"loc":{"start":{"line":35,"column":37},"end":{"line":40,"column":1}},"line":35},"1":{"name":"(anonymous_1)","decl":{"start":{"line":43,"column":19},"end":{"line":43,"column":24}},"loc":{"start":{"line":43,"column":39},"end":{"line":85,"column":1}},"line":43},"2":{"name":"(anonymous_2)","decl":{"start":{"line":88,"column":24},"end":{"line":88,"column":25}},"loc":{"start":{"line":88,"column":30},"end":{"line":98,"column":1}},"line":88},"3":{"name":"(anonymous_3)","decl":{"start":{"line":101,"column":22},"end":{"line":101,"column":23}},"loc":{"start":{"line":101,"column":32},"end":{"line":111,"column":1}},"line":101},"4":{"name":"(anonymous_4)","decl":{"start":{"line":114,"column":19},"end":{"line":114,"column":20}},"loc":{"start":{"line":114,"column":25},"end":{"line":117,"column":1}},"line":114},"5":{"name":"(anonymous_5)","decl":{"start":{"line":120,"column":17},"end":{"line":120,"column":22}},"loc":{"start":{"line":120,"column":29},"end":{"line":254,"column":1}},"line":120},"6":{"name":"(anonymous_6)","decl":{"start":{"line":242,"column":15},"end":{"line":242,"column":16}},"loc":{"start":{"line":242,"column":21},"end":{"line":244,"column":5}},"line":242},"7":{"name":"(anonymous_7)","decl":{"start":{"line":257,"column":24},"end":{"line":257,"column":25}},"loc":{"start":{"line":257,"column":34},"end":{"line":260,"column":1}},"line":257},"8":{"name":"(anonymous_8)","decl":{"start":{"line":263,"column":25},"end":{"line":263,"column":26}},"loc":{"start":{"line":263,"column":31},"end":{"line":266,"column":1}},"line":263},"9":{"name":"(anonymous_9)","decl":{"start":{"line":269,"column":19},"end":{"line":269,"column":24}},"loc":{"start":{"line":269,"column":31},"end":{"line":310,"column":1}},"line":269},"10":{"name":"(anonymous_10)","decl":{"start":{"line":313,"column":17},"end":{"line":313,"column":18}},"loc":{"start":{"line":313,"column":27},"end":{"line":317,"column":1}},"line":313},"11":{"name":"(anonymous_11)","decl":{"start":{"line":319,"column":29},"end":{"line":319,"column":30}},"loc":{"start":{"line":319,"column":35},"end":{"line":334,"column":1}},"line":319},"12":{"name":"(anonymous_12)","decl":{"start":{"line":336,"column":10},"end":{"line":336,"column":15}},"loc":{"start":{"line":336,"column":22},"end":{"line":339,"column":1}},"line":336},"13":{"name":"(anonymous_13)","decl":{"start":{"line":385,"column":24},"end":{"line":385,"column":26}},"loc":{"start":{"line":385,"column":26},"end":{"line":385,"column":null}},"line":385},"14":{"name":"(anonymous_14)","decl":{"start":{"line":391,"column":24},"end":{"line":391,"column":26}},"loc":{"start":{"line":391,"column":26},"end":{"line":391,"column":null}},"line":391},"15":{"name":"(anonymous_15)","decl":{"start":{"line":409,"column":18},"end":{"line":409,"column":20}},"loc":{"start":{"line":409,"column":20},"end":{"line":409,"column":null}},"line":409},"16":{"name":"(anonymous_16)","decl":{"start":{"line":418,"column":18},"end":{"line":418,"column":20}},"loc":{"start":{"line":418,"column":20},"end":{"line":418,"column":null}},"line":418},"17":{"name":"(anonymous_17)","decl":{"start":{"line":429,"column":18},"end":{"line":429,"column":20}},"loc":{"start":{"line":429,"column":20},"end":{"line":429,"column":null}},"line":429},"18":{"name":"(anonymous_18)","decl":{"start":{"line":458,"column":23},"end":{"line":458,"column":32}},"loc":{"start":{"line":458,"column":23},"end":{"line":458,"column":null}},"line":458},"19":{"name":"(anonymous_19)","decl":{"start":{"line":471,"column":23},"end":{"line":471,"column":35}},"loc":{"start":{"line":471,"column":23},"end":{"line":471,"column":null}},"line":471},"20":{"name":"(anonymous_20)","decl":{"start":{"line":482,"column":30},"end":{"line":482,"column":41}},"loc":{"start":{"line":482,"column":30},"end":{"line":482,"column":42}},"line":482},"21":{"name":"(anonymous_21)","decl":{"start":{"line":492,"column":23},"end":{"line":492,"column":35}},"loc":{"start":{"line":492,"column":23},"end":{"line":492,"column":null}},"line":492},"22":{"name":"(anonymous_22)","decl":{"start":{"line":502,"column":23},"end":{"line":502,"column":38}},"loc":{"start":{"line":502,"column":23},"end":{"line":502,"column":null}},"line":502}},"branchMap":{"0":{"loc":{"start":{"line":37,"column":2},"end":{"line":39,"column":null}},"type":"if","locations":[{"start":{"line":37,"column":2},"end":{"line":39,"column":null}},{"start":{},"end":{}}],"line":37},"1":{"loc":{"start":{"line":43,"column":26},"end":{"line":43,"column":34}},"type":"default-arg","locations":[{"start":{"line":43,"column":33},"end":{"line":43,"column":34}}],"line":43},"2":{"loc":{"start":{"line":49,"column":4},"end":{"line":69,"column":null}},"type":"if","locations":[{"start":{"line":49,"column":4},"end":{"line":69,"column":null}},{"start":{},"end":{}}],"line":49},"3":{"loc":{"start":{"line":50,"column":6},"end":{"line":54,"column":null}},"type":"if","locations":[{"start":{"line":50,"column":6},"end":{"line":54,"column":null}},{"start":{},"end":{}}],"line":50},"4":{"loc":{"start":{"line":58,"column":8},"end":{"line":64,"column":null}},"type":"if","locations":[{"start":{"line":58,"column":8},"end":{"line":64,"column":null}},{"start":{"line":61,"column":15},"end":{"line":64,"column":null}}],"line":58},"5":{"loc":{"start":{"line":58,"column":12},"end":{"line":58,"column":67}},"type":"binary-expr","locations":[{"start":{"line":58,"column":12},"end":{"line":58,"column":23}},{"start":{"line":58,"column":27},"end":{"line":58,"column":67}}],"line":58},"6":{"loc":{"start":{"line":60,"column":25},"end":{"line":60,"column":52}},"type":"binary-expr","locations":[{"start":{"line":60,"column":25},"end":{"line":60,"column":36}},{"start":{"line":60,"column":40},"end":{"line":60,"column":52}}],"line":60},"7":{"loc":{"start":{"line":72,"column":18},"end":{"line":72,"column":34}},"type":"binary-expr","locations":[{"start":{"line":72,"column":18},"end":{"line":72,"column":28}},{"start":{"line":72,"column":32},"end":{"line":72,"column":34}}],"line":72},"8":{"loc":{"start":{"line":73,"column":23},"end":{"line":73,"column":38}},"type":"binary-expr","locations":[{"start":{"line":73,"column":23},"end":{"line":73,"column":33}},{"start":{"line":73,"column":37},"end":{"line":73,"column":38}}],"line":73},"9":{"loc":{"start":{"line":74,"column":23},"end":{"line":74,"column":38}},"type":"binary-expr","locations":[{"start":{"line":74,"column":23},"end":{"line":74,"column":33}},{"start":{"line":74,"column":37},"end":{"line":74,"column":38}}],"line":74},"10":{"loc":{"start":{"line":75,"column":24},"end":{"line":75,"column":38}},"type":"binary-expr","locations":[{"start":{"line":75,"column":24},"end":{"line":75,"column":33}},{"start":{"line":75,"column":37},"end":{"line":75,"column":38}}],"line":75},"11":{"loc":{"start":{"line":77,"column":4},"end":{"line":81,"column":null}},"type":"if","locations":[{"start":{"line":77,"column":4},"end":{"line":81,"column":null}},{"start":{"line":79,"column":11},"end":{"line":81,"column":null}}],"line":77},"12":{"loc":{"start":{"line":80,"column":20},"end":{"line":80,"column":56}},"type":"binary-expr","locations":[{"start":{"line":80,"column":20},"end":{"line":80,"column":29}},{"start":{"line":80,"column":33},"end":{"line":80,"column":56}}],"line":80},"13":{"loc":{"start":{"line":132,"column":4},"end":{"line":134,"column":null}},"type":"if","locations":[{"start":{"line":132,"column":4},"end":{"line":134,"column":null}},{"start":{},"end":{}}],"line":132},"14":{"loc":{"start":{"line":136,"column":4},"end":{"line":236,"column":null}},"type":"if","locations":[{"start":{"line":136,"column":4},"end":{"line":236,"column":null}},{"start":{"line":170,"column":11},"end":{"line":236,"column":null}}],"line":136},"15":{"loc":{"start":{"line":138,"column":6},"end":{"line":140,"column":null}},"type":"if","locations":[{"start":{"line":138,"column":6},"end":{"line":140,"column":null}},{"start":{},"end":{}}],"line":138},"16":{"loc":{"start":{"line":150,"column":6},"end":{"line":167,"column":null}},"type":"if","locations":[{"start":{"line":150,"column":6},"end":{"line":167,"column":null}},{"start":{},"end":{}}],"line":150},"17":{"loc":{"start":{"line":154,"column":10},"end":{"line":161,"column":null}},"type":"if","locations":[{"start":{"line":154,"column":10},"end":{"line":161,"column":null}},{"start":{"line":157,"column":17},"end":{"line":161,"column":null}}],"line":154},"18":{"loc":{"start":{"line":154,"column":14},"end":{"line":154,"column":69}},"type":"binary-expr","locations":[{"start":{"line":154,"column":14},"end":{"line":154,"column":25}},{"start":{"line":154,"column":29},"end":{"line":154,"column":69}}],"line":154},"19":{"loc":{"start":{"line":156,"column":27},"end":{"line":156,"column":54}},"type":"binary-expr","locations":[{"start":{"line":156,"column":27},"end":{"line":156,"column":38}},{"start":{"line":156,"column":42},"end":{"line":156,"column":54}}],"line":156},"20":{"loc":{"start":{"line":179,"column":20},"end":{"line":179,"column":55}},"type":"binary-expr","locations":[{"start":{"line":179,"column":20},"end":{"line":179,"column":38}},{"start":{"line":179,"column":42},"end":{"line":179,"column":55}}],"line":179},"21":{"loc":{"start":{"line":183,"column":6},"end":{"line":200,"column":null}},"type":"if","locations":[{"start":{"line":183,"column":6},"end":{"line":200,"column":null}},{"start":{},"end":{}}],"line":183},"22":{"loc":{"start":{"line":187,"column":10},"end":{"line":194,"column":null}},"type":"if","locations":[{"start":{"line":187,"column":10},"end":{"line":194,"column":null}},{"start":{"line":190,"column":17},"end":{"line":194,"column":null}}],"line":187},"23":{"loc":{"start":{"line":187,"column":14},"end":{"line":187,"column":69}},"type":"binary-expr","locations":[{"start":{"line":187,"column":14},"end":{"line":187,"column":25}},{"start":{"line":187,"column":29},"end":{"line":187,"column":69}}],"line":187},"24":{"loc":{"start":{"line":189,"column":27},"end":{"line":189,"column":54}},"type":"binary-expr","locations":[{"start":{"line":189,"column":27},"end":{"line":189,"column":38}},{"start":{"line":189,"column":42},"end":{"line":189,"column":54}}],"line":189},"25":{"loc":{"start":{"line":217,"column":6},"end":{"line":233,"column":null}},"type":"if","locations":[{"start":{"line":217,"column":6},"end":{"line":233,"column":null}},{"start":{},"end":{}}],"line":217},"26":{"loc":{"start":{"line":221,"column":10},"end":{"line":227,"column":null}},"type":"if","locations":[{"start":{"line":221,"column":10},"end":{"line":227,"column":null}},{"start":{"line":224,"column":17},"end":{"line":227,"column":null}}],"line":221},"27":{"loc":{"start":{"line":221,"column":14},"end":{"line":221,"column":69}},"type":"binary-expr","locations":[{"start":{"line":221,"column":14},"end":{"line":221,"column":25}},{"start":{"line":221,"column":29},"end":{"line":221,"column":69}}],"line":221},"28":{"loc":{"start":{"line":223,"column":27},"end":{"line":223,"column":54}},"type":"binary-expr","locations":[{"start":{"line":223,"column":27},"end":{"line":223,"column":38}},{"start":{"line":223,"column":42},"end":{"line":223,"column":54}}],"line":223},"29":{"loc":{"start":{"line":246,"column":4},"end":{"line":250,"column":null}},"type":"if","locations":[{"start":{"line":246,"column":4},"end":{"line":250,"column":null}},{"start":{"line":248,"column":11},"end":{"line":250,"column":null}}],"line":246},"30":{"loc":{"start":{"line":249,"column":25},"end":{"line":249,"column":59}},"type":"binary-expr","locations":[{"start":{"line":249,"column":25},"end":{"line":249,"column":34}},{"start":{"line":249,"column":38},"end":{"line":249,"column":59}}],"line":249},"31":{"loc":{"start":{"line":270,"column":2},"end":{"line":270,"column":null}},"type":"if","locations":[{"start":{"line":270,"column":2},"end":{"line":270,"column":null}},{"start":{},"end":{}}],"line":270},"32":{"loc":{"start":{"line":280,"column":4},"end":{"line":296,"column":null}},"type":"if","locations":[{"start":{"line":280,"column":4},"end":{"line":296,"column":null}},{"start":{},"end":{}}],"line":280},"33":{"loc":{"start":{"line":280,"column":8},"end":{"line":280,"column":47}},"type":"binary-expr","locations":[{"start":{"line":280,"column":8},"end":{"line":280,"column":20}},{"start":{"line":280,"column":24},"end":{"line":280,"column":47}}],"line":280},"34":{"loc":{"start":{"line":284,"column":8},"end":{"line":290,"column":null}},"type":"if","locations":[{"start":{"line":284,"column":8},"end":{"line":290,"column":null}},{"start":{"line":287,"column":15},"end":{"line":290,"column":null}}],"line":284},"35":{"loc":{"start":{"line":284,"column":12},"end":{"line":284,"column":67}},"type":"binary-expr","locations":[{"start":{"line":284,"column":12},"end":{"line":284,"column":23}},{"start":{"line":284,"column":27},"end":{"line":284,"column":67}}],"line":284},"36":{"loc":{"start":{"line":286,"column":25},"end":{"line":286,"column":52}},"type":"binary-expr","locations":[{"start":{"line":286,"column":25},"end":{"line":286,"column":36}},{"start":{"line":286,"column":40},"end":{"line":286,"column":52}}],"line":286},"37":{"loc":{"start":{"line":302,"column":4},"end":{"line":306,"column":null}},"type":"if","locations":[{"start":{"line":302,"column":4},"end":{"line":306,"column":null}},{"start":{"line":304,"column":11},"end":{"line":306,"column":null}}],"line":302},"38":{"loc":{"start":{"line":305,"column":25},"end":{"line":305,"column":61}},"type":"binary-expr","locations":[{"start":{"line":305,"column":25},"end":{"line":305,"column":34}},{"start":{"line":305,"column":38},"end":{"line":305,"column":61}}],"line":305},"39":{"loc":{"start":{"line":314,"column":2},"end":{"line":316,"column":null}},"type":"if","locations":[{"start":{"line":314,"column":2},"end":{"line":316,"column":null}},{"start":{},"end":{}}],"line":314},"40":{"loc":{"start":{"line":314,"column":6},"end":{"line":314,"column":43}},"type":"binary-expr","locations":[{"start":{"line":314,"column":6},"end":{"line":314,"column":15}},{"start":{"line":314,"column":19},"end":{"line":314,"column":43}}],"line":314},"41":{"loc":{"start":{"line":325,"column":2},"end":{"line":327,"column":null}},"type":"if","locations":[{"start":{"line":325,"column":2},"end":{"line":327,"column":null}},{"start":{},"end":{}}],"line":325},"42":{"loc":{"start":{"line":345,"column":6},"end":{"line":345,"column":75}},"type":"binary-expr","locations":[{"start":{"line":345,"column":6},"end":{"line":345,"column":10}},{"start":{"line":345,"column":6},"end":{"line":345,"column":75}}],"line":345},"43":{"loc":{"start":{"line":376,"column":28},"end":{"line":377,"column":65}},"type":"cond-expr","locations":[{"start":{"line":376,"column":16},"end":{"line":376,"column":80}},{"start":{"line":377,"column":16},"end":{"line":377,"column":65}}],"line":376},"44":{"loc":{"start":{"line":380,"column":28},"end":{"line":381,"column":60}},"type":"cond-expr","locations":[{"start":{"line":380,"column":16},"end":{"line":380,"column":79}},{"start":{"line":381,"column":16},"end":{"line":381,"column":60}}],"line":380},"45":{"loc":{"start":{"line":409,"column":18},"end":{"line":409,"column":null}},"type":"binary-expr","locations":[{"start":{"line":409,"column":18},"end":{"line":409,"column":20}},{"start":{"line":409,"column":18},"end":{"line":409,"column":null}}],"line":409},"46":{"loc":{"start":{"line":429,"column":18},"end":{"line":429,"column":null}},"type":"binary-expr","locations":[{"start":{"line":429,"column":18},"end":{"line":429,"column":20}},{"start":{"line":429,"column":18},"end":{"line":429,"column":null}}],"line":429},"47":{"loc":{"start":{"line":443,"column":13},"end":{"line":443,"column":null}},"type":"cond-expr","locations":[{"start":{"line":443,"column":24},"end":{"line":443,"column":null}},{"start":{"line":443,"column":24},"end":{"line":443,"column":null}}],"line":443},"48":{"loc":{"start":{"line":456,"column":12},"end":{"line":456,"column":77}},"type":"binary-expr","locations":[{"start":{"line":456,"column":12},"end":{"line":456,"column":19}},{"start":{"line":456,"column":12},"end":{"line":456,"column":77}}],"line":456},"49":{"loc":{"start":{"line":458,"column":23},"end":{"line":458,"column":null}},"type":"binary-expr","locations":[{"start":{"line":458,"column":23},"end":{"line":458,"column":32}},{"start":{"line":458,"column":23},"end":{"line":458,"column":null}}],"line":458},"50":{"loc":{"start":{"line":468,"column":26},"end":{"line":468,"column":null}},"type":"cond-expr","locations":[{"start":{"line":468,"column":37},"end":{"line":468,"column":null}},{"start":{"line":468,"column":37},"end":{"line":468,"column":null}}],"line":468},"51":{"loc":{"start":{"line":471,"column":23},"end":{"line":471,"column":null}},"type":"binary-expr","locations":[{"start":{"line":471,"column":23},"end":{"line":471,"column":35}},{"start":{"line":471,"column":23},"end":{"line":471,"column":null}}],"line":471},"52":{"loc":{"start":{"line":480,"column":12},"end":{"line":480,"column":79}},"type":"binary-expr","locations":[{"start":{"line":480,"column":12},"end":{"line":480,"column":19}},{"start":{"line":480,"column":12},"end":{"line":480,"column":79}}],"line":480},"53":{"loc":{"start":{"line":482,"column":30},"end":{"line":482,"column":42}},"type":"binary-expr","locations":[{"start":{"line":482,"column":30},"end":{"line":482,"column":41}},{"start":{"line":482,"column":30},"end":{"line":482,"column":42}}],"line":482},"54":{"loc":{"start":{"line":492,"column":23},"end":{"line":492,"column":null}},"type":"binary-expr","locations":[{"start":{"line":492,"column":23},"end":{"line":492,"column":35}},{"start":{"line":492,"column":23},"end":{"line":492,"column":null}}],"line":492},"55":{"loc":{"start":{"line":497,"column":12},"end":{"line":497,"column":71}},"type":"binary-expr","locations":[{"start":{"line":497,"column":12},"end":{"line":497,"column":19}},{"start":{"line":497,"column":12},"end":{"line":497,"column":71}}],"line":497},"56":{"loc":{"start":{"line":502,"column":23},"end":{"line":502,"column":null}},"type":"binary-expr","locations":[{"start":{"line":502,"column":23},"end":{"line":502,"column":38}},{"start":{"line":502,"column":23},"end":{"line":502,"column":null}}],"line":502},"57":{"loc":{"start":{"line":507,"column":12},"end":{"line":507,"column":85}},"type":"binary-expr","locations":[{"start":{"line":507,"column":12},"end":{"line":507,"column":19}},{"start":{"line":507,"column":12},"end":{"line":507,"column":85}}],"line":507},"58":{"loc":{"start":{"line":516,"column":17},"end":{"line":516,"column":null}},"type":"cond-expr","locations":[{"start":{"line":516,"column":29},"end":{"line":516,"column":47}},{"start":{"line":516,"column":47},"end":{"line":516,"column":null}}],"line":516},"59":{"loc":{"start":{"line":516,"column":47},"end":{"line":516,"column":null}},"type":"cond-expr","locations":[{"start":{"line":516,"column":58},"end":{"line":516,"column":null}},{"start":{"line":516,"column":58},"end":{"line":516,"column":null}}],"line":516},"60":{"loc":{"start":{"line":533,"column":8},"end":{"line":533,"column":76}},"type":"binary-expr","locations":[{"start":{"line":533,"column":8},"end":{"line":533,"column":12}},{"start":{"line":533,"column":8},"end":{"line":533,"column":76}}],"line":533},"61":{"loc":{"start":{"line":535,"column":24},"end":{"line":536,"column":58}},"type":"binary-expr","locations":[{"start":{"line":535,"column":24},"end":{"line":535,"column":null}},{"start":{"line":535,"column":24},"end":{"line":536,"column":58}}],"line":535},"62":{"loc":{"start":{"line":536,"column":89},"end":{"line":538,"column":12}},"type":"binary-expr","locations":[{"start":{"line":536,"column":89},"end":{"line":536,"column":null}},{"start":{"line":536,"column":89},"end":{"line":538,"column":12}}],"line":536},"63":{"loc":{"start":{"line":550,"column":15},"end":{"line":550,"column":null}},"type":"cond-expr","locations":[{"start":{"line":550,"column":28},"end":{"line":550,"column":null}},{"start":{"line":550,"column":28},"end":{"line":550,"column":null}}],"line":550}},"s":{"0":19,"1":19,"2":19,"3":19,"4":19,"5":19,"6":19,"7":19,"8":19,"9":19,"10":19,"11":19,"12":19,"13":19,"14":19,"15":19,"16":19,"17":19,"18":19,"19":19,"20":19,"21":19,"22":19,"23":19,"24":1,"25":19,"26":24,"27":24,"28":24,"29":24,"30":22,"31":2,"32":0,"33":0,"34":0,"35":2,"36":2,"37":2,"38":2,"39":1,"40":0,"41":1,"42":1,"43":1,"44":2,"45":19,"46":19,"47":24,"48":24,"49":24,"50":4,"51":0,"52":4,"53":23,"54":19,"55":4,"56":4,"57":4,"58":4,"59":4,"60":4,"61":4,"62":4,"63":4,"64":19,"65":3,"66":3,"67":3,"68":3,"69":3,"70":3,"71":3,"72":3,"73":3,"74":19,"75":2,"76":2,"77":19,"78":5,"79":5,"80":5,"81":5,"82":5,"83":5,"84":3,"85":5,"86":2,"87":0,"88":2,"89":2,"90":0,"91":0,"92":0,"93":0,"94":0,"95":0,"96":0,"97":0,"98":0,"99":0,"100":0,"101":2,"102":3,"103":2,"104":0,"105":0,"106":0,"107":0,"108":0,"109":0,"110":0,"111":0,"112":0,"113":0,"114":0,"115":2,"116":2,"117":2,"118":1,"119":1,"120":1,"121":1,"122":0,"123":0,"124":1,"125":1,"126":0,"127":1,"128":1,"129":1,"130":3,"131":3,"132":2,"133":1,"134":1,"135":0,"136":5,"137":19,"138":3,"139":3,"140":19,"141":1,"142":1,"143":19,"144":3,"145":1,"146":2,"147":2,"148":2,"149":2,"150":1,"151":0,"152":0,"153":0,"154":0,"155":0,"156":0,"157":0,"158":0,"159":0,"160":0,"161":0,"162":1,"163":1,"164":1,"165":1,"166":0,"167":2,"168":19,"169":3,"170":1,"171":19,"172":2,"173":2,"174":2,"175":2,"176":2,"177":2,"178":2,"179":2,"180":5,"181":2,"182":19,"183":19,"184":19,"185":1,"186":1,"187":1,"188":1,"189":1,"190":1,"191":1,"192":1,"193":1,"194":1,"195":1,"196":1,"197":1,"198":1,"199":1,"200":1,"201":1,"202":1,"203":1,"204":1,"205":3,"206":3,"207":0,"208":8,"209":0,"210":0,"211":3,"212":3,"213":2,"214":0,"215":0},"f":{"0":19,"1":24,"2":4,"3":3,"4":2,"5":5,"6":2,"7":3,"8":1,"9":3,"10":3,"11":2,"12":19,"13":3,"14":3,"15":0,"16":0,"17":0,"18":3,"19":3,"20":2,"21":0,"22":0},"b":{"0":[1,18],"1":[24],"2":[2,20],"3":[0,2],"4":[1,1],"5":[2,2],"6":[0,0],"7":[19,0],"8":[24,6],"9":[24,6],"10":[24,0],"11":[0,4],"12":[4,0],"13":[3,2],"14":[2,3],"15":[0,2],"16":[0,2],"17":[0,0],"18":[0,0],"19":[0,0],"20":[3,0],"21":[0,2],"22":[0,0],"23":[0,0],"24":[0,0],"25":[1,1],"26":[0,1],"27":[1,1],"28":[0,0],"29":[1,0],"30":[0,0],"31":[1,2],"32":[0,1],"33":[1,0],"34":[0,0],"35":[0,0],"36":[0,0],"37":[1,0],"38":[0,0],"39":[1,2],"40":[3,2],"41":[2,0],"42":[79,19],"43":[176,1],"44":[1,176],"45":[3,2],"46":[3,2],"47":[13,18],"48":[31,7],"49":[31,7],"50":[13,18],"51":[31,7],"52":[31,7],"53":[31,7],"54":[31,7],"55":[31,7],"56":[31,7],"57":[31,7],"58":[11,20],"59":[7,13],"60":[8,3],"61":[8,3],"62":[8,3],"63":[4,4]},"meta":{"lastBranch":64,"lastFunction":23,"lastStatement":216,"seen":{"s:6:14:6:26":0,"s:7:13:7:21":1,"s:8:15:8:25":2,"s:9:13:9:21":3,"s:10:19:10:26":4,"s:11:16:11:24":5,"s:12:18:12:25":6,"s:13:18:13:25":7,"s:16:17:16:28":8,"s:17:19:17:29":9,"s:18:20:18:31":10,"s:19:18:19:26":11,"s:20:20:20:28":12,"s:23:17:23:25":13,"s:24:20:24:28":14,"s:25:20:25:30":15,"s:26:23:26:34":16,"s:27:19:27:27":17,"s:30:23:30:34":18,"s:31:20:31:30":19,"s:32:21:32:32":20,"s:35:25:40:1":21,"f:35:25:35:30":0,"s:36:16:36:31":22,"b:37:2:39:Infinity:undefined:undefined:undefined:undefined":0,"s:37:2:39:Infinity":23,"s:38:4:38:Infinity":24,"s:43:19:85:1":25,"f:43:19:43:24":1,"b:43:33:43:34":1,"s:44:2:84:Infinity":26,"s:45:4:45:Infinity":27,"s:46:4:46:Infinity":28,"s:47:21:47:91":29,"b:49:4:69:Infinity:undefined:undefined:undefined:undefined":2,"s:49:4:69:Infinity":30,"b:50:6:54:Infinity:undefined:undefined:undefined:undefined":3,"s:50:6:54:Infinity":31,"s:51:8:51:Infinity":32,"s:52:8:52:Infinity":33,"s:53:8:53:Infinity":34,"s:55:25:55:48":35,"s:56:6:67:Infinity":36,"s:57:28:57:64":37,"b:58:8:64:Infinity:61:15:64:Infinity":4,"s:58:8:64:Infinity":38,"b:58:12:58:23:58:27:58:67":5,"s:59:23:59:44":39,"s:60:10:60:Infinity":40,"b:60:25:60:36:60:40:60:52":6,"s:62:23:62:44":41,"s:63:10:63:Infinity":42,"s:66:8:66:Infinity":43,"s:68:6:68:Infinity":44,"s:71:17:71:38":45,"s:72:4:72:Infinity":46,"b:72:18:72:28:72:32:72:34":7,"s:73:4:73:Infinity":47,"b:73:23:73:33:73:37:73:38":8,"s:74:4:74:Infinity":48,"b:74:23:74:33:74:37:74:38":9,"s:75:4:75:Infinity":49,"b:75:24:75:33:75:37:75:38":10,"b:77:4:81:Infinity:79:11:81:Infinity":11,"s:77:4:81:Infinity":50,"s:78:6:78:Infinity":51,"s:80:6:80:Infinity":52,"b:80:20:80:29:80:33:80:56":12,"s:83:4:83:Infinity":53,"s:88:24:98:1":54,"f:88:24:88:25":2,"s:89:2:89:Infinity":55,"s:90:2:90:Infinity":56,"s:91:2:91:Infinity":57,"s:92:2:92:Infinity":58,"s:93:2:93:Infinity":59,"s:94:2:94:Infinity":60,"s:95:2:95:Infinity":61,"s:96:2:96:Infinity":62,"s:97:2:97:Infinity":63,"s:101:22:111:1":64,"f:101:22:101:23":3,"s:102:2:102:Infinity":65,"s:103:2:103:Infinity":66,"s:104:2:104:Infinity":67,"s:105:2:105:Infinity":68,"s:106:2:106:Infinity":69,"s:107:2:107:Infinity":70,"s:108:2:108:Infinity":71,"s:109:2:109:Infinity":72,"s:110:2:110:Infinity":73,"s:114:19:117:1":74,"f:114:19:114:20":4,"s:115:2:115:Infinity":75,"s:116:2:116:Infinity":76,"s:120:17:254:1":77,"f:120:17:120:22":5,"s:121:2:121:Infinity":78,"s:122:2:122:Infinity":79,"s:123:2:123:Infinity":80,"s:125:2:253:Infinity":81,"s:126:23:130:5":82,"b:132:4:134:Infinity:undefined:undefined:undefined:undefined":13,"s:132:4:134:Infinity":83,"s:133:6:133:Infinity":84,"b:136:4:236:Infinity:170:11:236:Infinity":14,"s:136:4:236:Infinity":85,"b:138:6:140:Infinity:undefined:undefined:undefined:undefined":15,"s:138:6:140:Infinity":86,"s:139:8:139:Infinity":87,"s:142:23:148:8":88,"b:150:6:167:Infinity:undefined:undefined:undefined:undefined":16,"s:150:6:167:Infinity":89,"s:151:27:151:50":90,"s:152:8:164:Infinity":91,"s:153:30:153:66":92,"b:154:10:161:Infinity:157:17:161:Infinity":17,"s:154:10:161:Infinity":93,"b:154:14:154:25:154:29:154:69":18,"s:155:25:155:46":94,"s:156:12:156:Infinity":95,"b:156:27:156:38:156:42:156:54":19,"s:159:25:159:46":96,"s:160:12:160:Infinity":97,"s:163:10:163:Infinity":98,"s:165:8:165:Infinity":99,"s:166:8:166:Infinity":100,"s:169:6:169:Infinity":101,"s:172:23:181:8":102,"b:179:20:179:38:179:42:179:55":20,"b:183:6:200:Infinity:undefined:undefined:undefined:undefined":21,"s:183:6:200:Infinity":103,"s:184:27:184:50":104,"s:185:8:197:Infinity":105,"s:186:30:186:66":106,"b:187:10:194:Infinity:190:17:194:Infinity":22,"s:187:10:194:Infinity":107,"b:187:14:187:25:187:29:187:69":23,"s:188:25:188:46":108,"s:189:12:189:Infinity":109,"b:189:27:189:38:189:42:189:54":24,"s:192:25:192:46":110,"s:193:12:193:Infinity":111,"s:196:10:196:Infinity":112,"s:198:8:198:Infinity":113,"s:199:8:199:Infinity":114,"s:202:22:202:43":115,"s:205:29:215:8":116,"b:217:6:233:Infinity:undefined:undefined:undefined:undefined":25,"s:217:6:233:Infinity":117,"s:218:27:218:71":118,"s:219:8:230:Infinity":119,"s:220:30:220:72":120,"b:221:10:227:Infinity:224:17:227:Infinity":26,"s:221:10:227:Infinity":121,"b:221:14:221:25:221:29:221:69":27,"s:222:25:222:52":122,"s:223:12:223:Infinity":123,"b:223:27:223:38:223:42:223:54":28,"s:225:25:225:52":124,"s:226:12:226:Infinity":125,"s:229:10:229:Infinity":126,"s:231:8:231:Infinity":127,"s:232:8:232:Infinity":128,"s:235:6:235:Infinity":129,"s:239:4:239:Infinity":130,"s:242:4:244:Infinity":131,"f:242:15:242:16":6,"s:243:6:243:Infinity":132,"b:246:4:250:Infinity:248:11:250:Infinity":29,"s:246:4:250:Infinity":133,"s:247:6:247:Infinity":134,"s:249:6:249:Infinity":135,"b:249:25:249:34:249:38:249:59":30,"s:252:4:252:Infinity":136,"s:257:24:260:1":137,"f:257:24:257:25":7,"s:258:2:258:Infinity":138,"s:259:2:259:Infinity":139,"s:263:25:266:1":140,"f:263:25:263:26":8,"s:264:2:264:Infinity":141,"s:265:2:265:Infinity":142,"s:269:19:310:1":143,"f:269:19:269:24":9,"b:270:2:270:Infinity:undefined:undefined:undefined:undefined":31,"s:270:2:270:Infinity":144,"s:270:27:270:Infinity":145,"s:272:2:272:Infinity":146,"s:273:2:273:Infinity":147,"s:275:2:309:Infinity":148,"s:276:21:278:6":149,"b:280:4:296:Infinity:undefined:undefined:undefined:undefined":32,"s:280:4:296:Infinity":150,"b:280:8:280:20:280:24:280:47":33,"s:281:25:281:48":151,"s:282:6:293:Infinity":152,"s:283:28:283:64":153,"b:284:8:290:Infinity:287:15:290:Infinity":34,"s:284:8:290:Infinity":154,"b:284:12:284:23:284:27:284:67":35,"s:285:23:285:44":155,"s:286:10:286:Infinity":156,"b:286:25:286:36:286:40:286:52":36,"s:288:23:288:44":157,"s:289:10:289:Infinity":158,"s:292:8:292:Infinity":159,"s:294:6:294:Infinity":160,"s:295:6:295:Infinity":161,"s:299:4:299:Infinity":162,"s:300:4:300:Infinity":163,"b:302:4:306:Infinity:304:11:306:Infinity":37,"s:302:4:306:Infinity":164,"s:303:6:303:Infinity":165,"s:305:6:305:Infinity":166,"b:305:25:305:34:305:38:305:61":38,"s:308:4:308:Infinity":167,"s:313:17:317:1":168,"f:313:17:313:18":10,"b:314:2:316:Infinity:undefined:undefined:undefined:undefined":39,"s:314:2:316:Infinity":169,"b:314:6:314:15:314:19:314:43":40,"s:315:4:315:Infinity":170,"s:319:19:334:2":171,"f:319:29:319:30":11,"s:320:16:320:18":172,"s:321:21:321:22":173,"s:322:14:322:73":174,"s:323:12:323:62":175,"b:325:2:327:Infinity:undefined:undefined:undefined:undefined":41,"s:325:2:327:Infinity":176,"s:326:4:326:Infinity":177,"s:329:2:331:Infinity":178,"s:329:15:329:20":179,"s:330:4:330:Infinity":180,"s:333:2:333:Infinity":181,"s:336:0:339:Infinity":182,"f:336:10:336:15":12,"s:337:2:337:Infinity":183,"s:338:2:338:Infinity":184,"s:343:7:343:Infinity":185,"s:360:11:360:Infinity":186,"s:361:15:361:Infinity":187,"s:371:17:371:Infinity":188,"s:373:18:373:79":189,"s:374:18:374:79":190,"s:375:18:375:Infinity":191,"s:379:18:379:Infinity":192,"s:383:18:383:Infinity":193,"s:404:13:404:43":194,"s:407:13:407:Infinity":195,"s:441:11:441:Infinity":196,"s:442:12:442:Infinity":197,"s:467:19:467:64":198,"s:490:15:490:Infinity":199,"s:500:15:500:Infinity":200,"s:510:15:510:Infinity":201,"s:532:11:532:Infinity":202,"s:535:11:535:24":203,"s:544:13:544:Infinity":204,"b:345:6:345:10:345:6:345:75":42,"b:376:16:376:80:377:16:377:65":43,"b:380:16:380:79:381:16:381:60":44,"f:385:24:385:26":13,"s:385:26:385:Infinity":205,"f:391:24:391:26":14,"s:391:26:391:Infinity":206,"b:409:18:409:20:409:18:409:Infinity":45,"f:409:18:409:20":15,"s:409:20:409:Infinity":207,"s:415:10:426:Infinity":208,"f:418:18:418:20":16,"s:418:20:418:Infinity":209,"b:429:18:429:20:429:18:429:Infinity":46,"f:429:18:429:20":17,"s:429:20:429:Infinity":210,"b:443:24:443:Infinity:443:24:443:Infinity":47,"b:456:12:456:19:456:12:456:77":48,"b:458:23:458:32:458:23:458:Infinity":49,"f:458:23:458:32":18,"s:458:23:458:Infinity":211,"b:468:37:468:Infinity:468:37:468:Infinity":50,"b:471:23:471:35:471:23:471:Infinity":51,"f:471:23:471:35":19,"s:471:23:471:Infinity":212,"b:480:12:480:19:480:12:480:79":52,"b:482:30:482:41:482:30:482:42":53,"f:482:30:482:41":20,"s:482:30:482:42":213,"b:492:23:492:35:492:23:492:Infinity":54,"f:492:23:492:35":21,"s:492:23:492:Infinity":214,"b:497:12:497:19:497:12:497:71":55,"b:502:23:502:38:502:23:502:Infinity":56,"f:502:23:502:38":22,"s:502:23:502:Infinity":215,"b:507:12:507:19:507:12:507:85":57,"b:516:29:516:47:516:47:516:Infinity":58,"b:516:58:516:Infinity:516:58:516:Infinity":59,"b:533:8:533:12:533:8:533:76":60,"b:535:24:535:Infinity:535:24:536:58":61,"b:536:89:536:Infinity:536:89:538:12":62,"b:550:28:550:Infinity:550:28:550:Infinity":63}}}
,"/home/appuser/app/src/views/Dashboard.vue": {"path":"/home/appuser/app/src/views/Dashboard.vue","statementMap":{"0":{"start":{"line":6,"column":14},"end":{"line":6,"column":26}},"1":{"start":{"line":7,"column":9},"end":{"line":7,"column":16}},"2":{"start":{"line":8,"column":9},"end":{"line":8,"column":16}},"3":{"start":{"line":9,"column":14},"end":{"line":9,"column":24}},"4":{"start":{"line":10,"column":13},"end":{"line":10,"column":21}},"5":{"start":{"line":11,"column":15},"end":{"line":11,"column":26}},"6":{"start":{"line":12,"column":15},"end":{"line":12,"column":26}},"7":{"start":{"line":15,"column":0},"end":{"line":21,"column":null}},"8":{"start":{"line":16,"column":2},"end":{"line":20,"column":null}},"9":{"start":{"line":17,"column":4},"end":{"line":17,"column":null}},"10":{"start":{"line":18,"column":4},"end":{"line":18,"column":null}},"11":{"start":{"line":19,"column":4},"end":{"line":19,"column":null}},"12":{"start":{"line":23,"column":15},"end":{"line":23,"column":25}},"13":{"start":{"line":26,"column":22},"end":{"line":36,"column":1}},"14":{"start":{"line":27,"column":2},"end":{"line":35,"column":null}},"15":{"start":{"line":28,"column":21},"end":{"line":28,"column":58}},"16":{"start":{"line":29,"column":4},"end":{"line":32,"column":null}},"17":{"start":{"line":30,"column":19},"end":{"line":30,"column":40}},"18":{"start":{"line":31,"column":6},"end":{"line":31,"column":null}},"19":{"start":{"line":34,"column":4},"end":{"line":34,"column":null}},"20":{"start":{"line":39,"column":0},"end":{"line":39,"column":null}},"21":{"start":{"line":41,"column":21},"end":{"line":128,"column":1}},"22":{"start":{"line":43,"column":2},"end":{"line":43,"column":null}},"23":{"start":{"line":44,"column":2},"end":{"line":44,"column":null}},"24":{"start":{"line":45,"column":2},"end":{"line":45,"column":null}},"25":{"start":{"line":48,"column":15},"end":{"line":48,"column":30}},"26":{"start":{"line":49,"column":15},"end":{"line":49,"column":30}},"27":{"start":{"line":51,"column":2},"end":{"line":54,"column":null}},"28":{"start":{"line":52,"column":4},"end":{"line":52,"column":null}},"29":{"start":{"line":53,"column":4},"end":{"line":53,"column":null}},"30":{"start":{"line":56,"column":2},"end":{"line":59,"column":null}},"31":{"start":{"line":57,"column":4},"end":{"line":57,"column":null}},"32":{"start":{"line":58,"column":4},"end":{"line":58,"column":null}},"33":{"start":{"line":61,"column":2},"end":{"line":64,"column":null}},"34":{"start":{"line":62,"column":4},"end":{"line":62,"column":null}},"35":{"start":{"line":63,"column":4},"end":{"line":63,"column":null}},"36":{"start":{"line":67,"column":2},"end":{"line":73,"column":null}},"37":{"start":{"line":68,"column":4},"end":{"line":68,"column":null}},"38":{"start":{"line":69,"column":4},"end":{"line":71,"column":null}},"39":{"start":{"line":70,"column":6},"end":{"line":70,"column":null}},"40":{"start":{"line":72,"column":4},"end":{"line":72,"column":null}},"41":{"start":{"line":75,"column":2},"end":{"line":75,"column":null}},"42":{"start":{"line":77,"column":2},"end":{"line":127,"column":null}},"43":{"start":{"line":78,"column":21},"end":{"line":84,"column":6}},"44":{"start":{"line":86,"column":4},"end":{"line":104,"column":null}},"45":{"start":{"line":87,"column":25},"end":{"line":87,"column":59}},"46":{"start":{"line":88,"column":6},"end":{"line":102,"column":null}},"47":{"start":{"line":89,"column":21},"end":{"line":89,"column":42}},"48":{"start":{"line":91,"column":8},"end":{"line":98,"column":null}},"49":{"start":{"line":92,"column":25},"end":{"line":92,"column":105}},"50":{"start":{"line":92,"column":48},"end":{"line":92,"column":93}},"51":{"start":{"line":93,"column":10},"end":{"line":93,"column":null}},"52":{"start":{"line":94,"column":15},"end":{"line":98,"column":null}},"53":{"start":{"line":95,"column":10},"end":{"line":95,"column":null}},"54":{"start":{"line":96,"column":15},"end":{"line":98,"column":null}},"55":{"start":{"line":97,"column":10},"end":{"line":97,"column":null}},"56":{"start":{"line":101,"column":8},"end":{"line":101,"column":null}},"57":{"start":{"line":103,"column":6},"end":{"line":103,"column":null}},"58":{"start":{"line":106,"column":17},"end":{"line":106,"column":38}},"59":{"start":{"line":107,"column":4},"end":{"line":107,"column":null}},"60":{"start":{"line":108,"column":4},"end":{"line":108,"column":null}},"61":{"start":{"line":111,"column":4},"end":{"line":111,"column":null}},"62":{"start":{"line":114,"column":4},"end":{"line":123,"column":null}},"63":{"start":{"line":115,"column":6},"end":{"line":115,"column":null}},"64":{"start":{"line":116,"column":6},"end":{"line":118,"column":null}},"65":{"start":{"line":117,"column":8},"end":{"line":117,"column":null}},"66":{"start":{"line":119,"column":11},"end":{"line":123,"column":null}},"67":{"start":{"line":120,"column":6},"end":{"line":120,"column":null}},"68":{"start":{"line":122,"column":6},"end":{"line":122,"column":null}},"69":{"start":{"line":124,"column":4},"end":{"line":124,"column":null}},"70":{"start":{"line":126,"column":4},"end":{"line":126,"column":null}},"71":{"start":{"line":132,"column":7},"end":{"line":132,"column":null}},"72":{"start":{"line":134,"column":9},"end":{"line":134,"column":null}},"73":{"start":{"line":149,"column":9},"end":{"line":149,"column":null}},"74":{"start":{"line":150,"column":11},"end":{"line":150,"column":null}},"75":{"start":{"line":163,"column":11},"end":{"line":163,"column":null}},"76":{"start":{"line":187,"column":10},"end":{"line":187,"column":36}},"77":{"start":{"line":188,"column":9},"end":{"line":188,"column":43}},"78":{"start":{"line":154,"column":26},"end":{"line":154,"column":28}},"79":{"start":{"line":167,"column":26},"end":{"line":167,"column":28}}},"fnMap":{"0":{"name":"(anonymous_0)","decl":{"start":{"line":15,"column":14},"end":{"line":15,"column":15}},"loc":{"start":{"line":15,"column":20},"end":{"line":21,"column":1}},"line":15},"1":{"name":"(anonymous_1)","decl":{"start":{"line":26,"column":22},"end":{"line":26,"column":27}},"loc":{"start":{"line":26,"column":34},"end":{"line":36,"column":1}},"line":26},"2":{"name":"(anonymous_2)","decl":{"start":{"line":41,"column":21},"end":{"line":41,"column":26}},"loc":{"start":{"line":41,"column":33},"end":{"line":128,"column":1}},"line":41},"3":{"name":"(anonymous_3)","decl":{"start":{"line":69,"column":15},"end":{"line":69,"column":16}},"loc":{"start":{"line":69,"column":21},"end":{"line":71,"column":5}},"line":69},"4":{"name":"(anonymous_4)","decl":{"start":{"line":92,"column":41},"end":{"line":92,"column":44}},"loc":{"start":{"line":92,"column":48},"end":{"line":92,"column":93}},"line":92},"5":{"name":"(anonymous_5)","decl":{"start":{"line":116,"column":17},"end":{"line":116,"column":18}},"loc":{"start":{"line":116,"column":23},"end":{"line":118,"column":7}},"line":116},"6":{"name":"(anonymous_6)","decl":{"start":{"line":154,"column":26},"end":{"line":154,"column":27}},"loc":{"start":{"line":154,"column":26},"end":{"line":154,"column":28}},"line":154},"7":{"name":"(anonymous_7)","decl":{"start":{"line":167,"column":26},"end":{"line":167,"column":27}},"loc":{"start":{"line":167,"column":26},"end":{"line":167,"column":28}},"line":167}},"branchMap":{"0":{"loc":{"start":{"line":16,"column":2},"end":{"line":20,"column":null}},"type":"if","locations":[{"start":{"line":16,"column":2},"end":{"line":20,"column":null}},{"start":{},"end":{}}],"line":16},"1":{"loc":{"start":{"line":29,"column":4},"end":{"line":32,"column":null}},"type":"if","locations":[{"start":{"line":29,"column":4},"end":{"line":32,"column":null}},{"start":{},"end":{}}],"line":29},"2":{"loc":{"start":{"line":51,"column":2},"end":{"line":54,"column":null}},"type":"if","locations":[{"start":{"line":51,"column":2},"end":{"line":54,"column":null}},{"start":{},"end":{}}],"line":51},"3":{"loc":{"start":{"line":51,"column":6},"end":{"line":51,"column":32}},"type":"binary-expr","locations":[{"start":{"line":51,"column":6},"end":{"line":51,"column":17}},{"start":{"line":51,"column":21},"end":{"line":51,"column":32}}],"line":51},"4":{"loc":{"start":{"line":56,"column":2},"end":{"line":59,"column":null}},"type":"if","locations":[{"start":{"line":56,"column":2},"end":{"line":59,"column":null}},{"start":{},"end":{}}],"line":56},"5":{"loc":{"start":{"line":56,"column":6},"end":{"line":56,"column":56}},"type":"binary-expr","locations":[{"start":{"line":56,"column":6},"end":{"line":56,"column":29}},{"start":{"line":56,"column":33},"end":{"line":56,"column":56}}],"line":56},"6":{"loc":{"start":{"line":61,"column":2},"end":{"line":64,"column":null}},"type":"if","locations":[{"start":{"line":61,"column":2},"end":{"line":64,"column":null}},{"start":{},"end":{}}],"line":61},"7":{"loc":{"start":{"line":61,"column":6},"end":{"line":61,"column":56}},"type":"binary-expr","locations":[{"start":{"line":61,"column":6},"end":{"line":61,"column":14}},{"start":{"line":61,"column":18},"end":{"line":61,"column":29}},{"start":{"line":61,"column":33},"end":{"line":61,"column":41}},{"start":{"line":61,"column":45},"end":{"line":61,"column":56}}],"line":61},"8":{"loc":{"start":{"line":67,"column":2},"end":{"line":73,"column":null}},"type":"if","locations":[{"start":{"line":67,"column":2},"end":{"line":73,"column":null}},{"start":{},"end":{}}],"line":67},"9":{"loc":{"start":{"line":86,"column":4},"end":{"line":104,"column":null}},"type":"if","locations":[{"start":{"line":86,"column":4},"end":{"line":104,"column":null}},{"start":{},"end":{}}],"line":86},"10":{"loc":{"start":{"line":91,"column":8},"end":{"line":98,"column":null}},"type":"if","locations":[{"start":{"line":91,"column":8},"end":{"line":98,"column":null}},{"start":{"line":94,"column":15},"end":{"line":98,"column":null}}],"line":91},"11":{"loc":{"start":{"line":92,"column":48},"end":{"line":92,"column":93}},"type":"binary-expr","locations":[{"start":{"line":92,"column":48},"end":{"line":92,"column":55}},{"start":{"line":92,"column":59},"end":{"line":92,"column":70}},{"start":{"line":92,"column":74},"end":{"line":92,"column":93}}],"line":92},"12":{"loc":{"start":{"line":94,"column":15},"end":{"line":98,"column":null}},"type":"if","locations":[{"start":{"line":94,"column":15},"end":{"line":98,"column":null}},{"start":{"line":96,"column":15},"end":{"line":98,"column":null}}],"line":94},"13":{"loc":{"start":{"line":96,"column":15},"end":{"line":98,"column":null}},"type":"if","locations":[{"start":{"line":96,"column":15},"end":{"line":98,"column":null}},{"start":{},"end":{}}],"line":96},"14":{"loc":{"start"
[...]
,"/home/appuser/app/src/views/Profile.vue": {"path":"/home/appuser/app/src/views/Profile.vue","statementMap":{"0":{"start":{"line":6,"column":14},"end":{"line":6,"column":26}},"1":{"start":{"line":7,"column":12},"end":{"line":7,"column":22}},"2":{"start":{"line":8,"column":15},"end":{"line":8,"column":25}},"3":{"start":{"line":9,"column":13},"end":{"line":9,"column":21}},"4":{"start":{"line":10,"column":15},"end":{"line":10,"column":23}},"5":{"start":{"line":13,"column":23},"end":{"line":13,"column":31}},"6":{"start":{"line":14,"column":19},"end":{"line":14,"column":27}},"7":{"start":{"line":15,"column":23},"end":{"line":15,"column":31}},"8":{"start":{"line":16,"column":24},"end":{"line":16,"column":35}},"9":{"start":{"line":17,"column":21},"end":{"line":17,"column":29}},"10":{"start":{"line":18,"column":23},"end":{"line":18,"column":31}},"11":{"start":{"line":21,"column":18},"end":{"line":40,"column":1}},"12":{"start":{"line":22,"column":2},"end":{"line":39,"column":null}},"13":{"start":{"line":23,"column":4},"end":{"line":23,"column":null}},"14":{"start":{"line":24,"column":4},"end":{"line":24,"column":null}},"15":{"start":{"line":25,"column":21},"end":{"line":25,"column":43}},"16":{"start":{"line":26,"column":4},"end":{"line":31,"column":null}},"17":{"start":{"line":27,"column":6},"end":{"line":27,"column":null}},"18":{"start":{"line":29,"column":6},"end":{"line":29,"column":null}},"19":{"start":{"line":30,"column":6},"end":{"line":30,"column":null}},"20":{"start":{"line":33,"column":4},"end":{"line":33,"column":null}},"21":{"start":{"line":34,"column":4},"end":{"line":36,"column":null}},"22":{"start":{"line":35,"column":6},"end":{"line":35,"column":null}},"23":{"start":{"line":38,"column":4},"end":{"line":38,"column":null}},"24":{"start":{"line":43,"column":23},"end":{"line":98,"column":1}},"25":{"start":{"line":44,"column":2},"end":{"line":44,"column":null}},"26":{"start":{"line":45,"column":2},"end":{"line":45,"column":null}},"27":{"start":{"line":48,"column":2},"end":{"line":51,"column":null}},"28":{"start":{"line":49,"column":4},"end":{"line":49,"column":null}},"29":{"start":{"line":50,"column":4},"end":{"line":50,"column":null}},"30":{"start":{"line":53,"column":2},"end":{"line":56,"column":null}},"31":{"start":{"line":54,"column":4},"end":{"line":54,"column":null}},"32":{"start":{"line":55,"column":4},"end":{"line":55,"column":null}},"33":{"start":{"line":58,"column":2},"end":{"line":61,"column":null}},"34":{"start":{"line":59,"column":4},"end":{"line":59,"column":null}},"35":{"start":{"line":60,"column":4},"end":{"line":60,"column":null}},"36":{"start":{"line":63,"column":2},"end":{"line":63,"column":null}},"37":{"start":{"line":65,"column":2},"end":{"line":97,"column":null}},"38":{"start":{"line":66,"column":21},"end":{"line":74,"column":6}},"39":{"start":{"line":76,"column":4},"end":{"line":80,"column":null}},"40":{"start":{"line":77,"column":19},"end":{"line":77,"column":40}},"41":{"start":{"line":78,"column":6},"end":{"line":78,"column":null}},"42":{"start":{"line":79,"column":6},"end":{"line":79,"column":null}},"43":{"start":{"line":82,"column":4},"end":{"line":82,"column":null}},"44":{"start":{"line":83,"column":4},"end":{"line":83,"column":null}},"45":{"start":{"line":84,"column":4},"end":{"line":84,"column":null}},"46":{"start":{"line":85,"column":4},"end":{"line":85,"column":null}},"47":{"start":{"line":88,"column":4},"end":{"line":88,"column":null}},"48":{"start":{"line":90,"column":4},"end":{"line":94,"column":null}},"49":{"start":{"line":91,"column":6},"end":{"line":91,"column":null}},"50":{"start":{"line":93,"column":6},"end":{"line":93,"column":null}},"51":{"start":{"line":96,"column":4},"end":{"line":96,"column":null}},"52":{"start":{"line":100,"column":0},"end":{"line":102,"column":null}},"53":{"start":{"line":101,"column":2},"end":{"line":101,"column":null}},"54":{"start":{"line":106,"column":7},"end":{"line":106,"column":null}},"55":{"start":{"line":117,"column":13},"end":{"line":117,"column":null}},"56":{"start":{"line":118,"column":15},"end":{"line":118,"column":null}},"57":{"start":{"line":120,"column":18},"end":{"line":120,"column":43}},"58":{"start":{"line":122,"column":15},"end":{"line":122,"column":null}},"59":{"start":{"line":124,"column":18},"end":{"line":124,"column":57}},"60":{"start":{"line":126,"column":15},"end":{"line":126,"column":null}},"61":{"start":{"line":128,"column":18},"end":{"line":128,"column":null}},"62":{"start":{"line":133,"column":15},"end":{"line":133,"column":null}},"63":{"start":{"line":135,"column":18},"end":{"line":135,"column":null}},"64":{"start":{"line":160,"column":23},"end":{"line":160,"column":null}},"65":{"start":{"line":176,"column":23},"end":{"line":176,"column":null}}},"fnMap":{"0":{"name":"(anonymous_0)","decl":{"start":{"line":21,"column":18},"end":{"line":21,"column":23}},"loc":{"start":{"line":21,"column":30},"end":{"line":40,"column":1}},"line":21},"1":{"name":"(anonymous_1)","decl":{"start":{"line":43,"column":23},"end":{"line":43,"column":28}},"loc":{"start":{"line":43,"column":35},"end":{"line":98,"column":1}},"line":43},"2":{"name":"(anonymous_2)","decl":{"start":{"line":100,"column":10},"end":{"line":100,"column":11}},"loc":{"start":{"line":100,"column":16},"end":{"line":102,"column":1}},"line":100},"3":{"name":"(anonymous_3)","decl":{"start":{"line":160,"column":23},"end":{"line":160,"column":34}},"loc":{"start":{"line":160,"column":23},"end":{"line":160,"column":null}},"line":160},"4":{"name":"(anonymous_4)","decl":{"start":{"line":176,"column":23},"end":{"line":176,"column":38}},"loc":{"start":{"line":176,"column":23},"end":{"line":176,"column":null}},"line":176}},"branchMap":{"0":{"loc":{"start":{"line":26,"column":4},"end":{"line":31,"column":null}},"type":"if","locations":[{"start":{"line":26,"column":4},"end":{"line":31,"column":null}},{"start":{"line":28,"column":11},"end":{"line":31,"column":null}}],"line":26},"1":{"loc":{"start":{"line":33,"column":18},"end":{"line":33,"column":57}},"type":"binary-expr","locations":[{"start":{"line":33,"column":18},"end":{"line":33,"column":27}},{"start":{"line":33,"column":31},"end":{"line":33,"column":57}}],"line":33},"2":{"loc":{"start":{"line":34,"column":4},"end":{"line":36,"column":null}},"type":"if","locations":[{"start":{"line":34,"column":4},"end":{"line":36,"column":null}},{"start":{},"end":{}}],"line":34},"3":{"loc":{"start":{"line":48,"column":2},"end":{"line":51,"column":null}},"type":"if","locations":[{"start":{"line":48,"column":2},"end":{"line":51,"column":null}},{"start":{},"end":{}}],"line":48},"4":{"loc":{"start":{"line":53,"column":2},"end":{"line":56,"column":null}},"type":"if","locations":[{"start":{"line":53,"column":2},"end":{"line":56,"column":null}},{"start":{},"end":{}}],"line":53},"5":{"loc":{"start":{"line":58,"column":2},"end":{"line":61,"column":null}},"type":"if","locations":[{"start":{"line":58,"column":2},"end":{"line":61,"column":null}},{"start":{},"end":{}}],"line":58},"6":{"loc":{"start":{"line":76,"column":4},"end":{"line":80,"column":null}},"type":"if","locations":[{"start":{"line":76,"column":4},"end":{"line":80,"column":null}},{"start":{},"end":{}}],"line":76},"7":{"loc":{"start":{"line":78,"column":28},"end":{"line":78,"column":70}},"type":"binary-expr","locations":[{"start":{"line":78,"column":28},"end":{"line":78,"column":39}},{"start":{"line":78,"column":43},"end":{"line":78,"column":70}}],"line":78},"8":{"loc":{"start":{"line":90,"column":4},"end":{"line":94,"column":null}},"type":"if","locations":[{"start":{"line":90,"column":4},"end":{"line":94,"column":null}},{"start":{"line":92,"column":11},"end":{"line":94,"column":null}}],"line":90},"9":{"loc":{"start":{"line":93,"column":28},"end":{"line":93,"column":68}},"type":"binary-expr","locations":[{"start":{"line":93,"column":28},"end":{"line":93,"column":37}},{"start":{"line":93,"column":41},"end":{"line":93,"column":68}}],"line":93},"10":{"loc":{"start":{"line":107,"column":4},"end":{"line":107,"column":70}},"type":"binary-expr","locations":[{"start":{"line":107,"column":4},"end":{"line":107,"column":8}},{"start":{"line":107,"column":4},"end":{"line":107,"column":70}}],"line":107},"11":{"loc":{"start":{"line":116,"column":8},"end":{"line":116,"column":80}},"type":"binary-expr","locations":[{"start":{"line":116,"column":8},"end":{"line":116,"column":12}},{"start":{"line":116,"column":8},"end":{"line":116,"column":80}}],"line":116},"12":{"loc":{"start":{"line":119,"column":12},"end":{"line":119,"column":65}},"type":"binary-expr","locations":[{"start":{"line":119,"column":12},"end":{"line":119,"column":18}},{"start":{"line":119,"column":12},"end":{"line":119,"column":65}}],"line":119},"13":{"loc":{"start":{"line":123,"column":12},"end":{"line":123,"column":67}},"type":"binary-expr","locations":[{"start":{"line":123,"column":12},"end":{"line":123,"column":18}},{"start":{"line":123,"column":12},"end":{"line":123,"column":67}}],"line":123},"14":{"loc":{"start":{"line":127,"column":12},"end":{"line":127,"column":66}},"type":"binary-expr","locations":[{"start":{"line":127,"column":12},"end":{"line":127,"column":18}},{"start":{"line":127,"column":12},"end":{"line":127,"column":66}}],"line":127},"15":{"loc":{"start":{"line":129,"column":26},"end":{"line":130,"column":63}},"type":"cond-expr","locations":[{"start":{"line":129,"column":14},"end":{"line":129,"column":78}},{"start":{"line":130,"column":14},"end":{"line":130,"column":63}}],"line":129},"16":{"loc":{"start":{"line":134,"column":12},"end":{"line":134,"column":68}},"type":"binary-expr","locations":[{"start":{"line":134,"column":12},"end":{"line":134,"column":18}},{"start":{"line":134,"column":12},"end":{"line":134,"column":68}}],"line":134},"17":{"loc":{"start":{"line":136,"column":26},"end":{"line":137,"column":60}},"type":"cond-expr","locations":[{"start":{"line":136,"column":14},"end":{"line":136,"column":77}},{"start":{"line":137,"column":14},"end":{"line":137,"column":60}}],"line":136},"18":{"loc":{"start":{"line":145,"column":8},"end":{"line":145,"column":79}},"type":"binary-expr","locations":[{"start":{"line":145,"column":8},"end":{"line":145,"column":12}},{"start":{"line":145,"column":8},"end":{"line":145,"column":79}}],"line":145},"19":{"loc":{"start":{"line":157,"column":12},"end":{"line":157,"column":103}},"type":"binary-expr","locations":[{"start":{"line":157,"column":12},"end":{"line":157,"column":19}},{"start":{"line":157,"column":12},"end":{"line":157,"column":103}}],"line":157},"20":{"loc":{"start":{"line":160,"column":23},"end":{"line":160,"column":null}},"type":"binary-expr","locations":[{"start":{"line":160,"column":23},"end":{"line":160,"column":34}},{"start":{"line":160,"column":23},"end":{"line":160,"column":null}}],"line":160},"21":{"loc":{"start":{"line":167,"column":12},"end":{"line":169,"column":16}},"type":"binary-expr","locations":[{"start":{"line":167,"column":12},"end":{"line":167,"column":15}},{"start":{"line":167,"column":12},"end":{"line":169,"column":16}}],"line":167},"22":{"loc":{"start":{"line":173,"column":12},"end":{"line":173,"column":111}},"type":"binary-expr","locations":[{"start":{"line":173,"column":12},"end":{"line":173,"column":19}},{"start":{"line":173,"column":12},"end":{"line":173,"column":111}}],"line":173},"23":{"loc":{"start":{"line":176,"column":23},"end":{"line":176,"column":null}},"type":"binary-expr","locations":[{"start":{"line":176,"column":23},"end":{"line":176,"column":38}},{"start":{"line":176,"column":23},"end":{"line":176,"column":null}}],"line":176},"24":{"loc":{"start":{"line":190,"column":15},"end":{"line":190,"column":null}},"type":"cond-expr","locations":[{"start":{"line":190,"column":31},"end":{"line":190,"column":null}},{"start":{"line":190,"column":31},"end":{"line":190,"column":null}}],"line":190}},"s":{"0":12,"1":12,"2":12,"3":12,"4":12,"5":12,"6":12,"7":12,"8":12,"9":12,"10":12,"11":12,"12":13,"13":13,"14":13,"15":13,"16":12,"17":10,"18":2,"19":2,"20":0,"21":0,"22":0,"23":12,"24":12,"25":5,"26":5,"27":5,"28":0,"29":0,"30":5,"31":1,"32":1,"33":4,"34":1,"35":1,"36":3,"37":3,"38":3,"39":2,"40":1,"41":1,"42":1,"43":1,"44":1,"45":1,"46":1,"47":1,"48":1,"49":1,"50":0,"51":3,"52":12,"53":12,"54":1,"55":1,"56":1,"57":1,"58":1,"59":1,"60":1,"61":1,"62":1,"63":1,"64":5,"65":5},"f":{"0":13,"1":5,"2":12,"3":5,"4":5},"b":{"0":[10,2],"1":[0,0],"2":[0,0],"3":[0,5],"4":[1,4],"5":[1,3],"6":[1,1],"7":[1,0],"8":[1,0],"9":[0,0],"10":[43,12],"11":[28,9],"12":[28,9],"13":[28,9],"14":[28,9],"15":[27,1],"16":[28,9],"17":[27,1],"18":[28,9],"19":[28,9],"20":[28,9],"21":[28,9],"22":[28,9],"23":[28,9],"24":[4,24]},"meta":{"lastBranch":25,"lastFunction":5,"lastStatement":66,"seen":{"s:6:14:6:26":0,"s:7:12:7:22":1,"s:8:15:8:25":2,"s:9:13:9:21":3,"s:10:15:10:23":4,"s:13:23:13:31":5,"s:14:19:14:27":6,"s:15:23:15:31":7,"s:16:24:16:35":8,"s:17:21:17:29":9,"s:18:23:18:31":10,"s:21:18:40:1":11,"f:21:18:21:23":0,"s:22:2:39:Infinity":12,"s:23:4:23:Infinity":13,"s:24:4:24:Infinity":14,"s:25:21:25:43":15,"b:26:4:31:Infinity:28:11:31:Infinity":0,"s:26:4:31:Infinity":16,"s:27:6:27:Infinity":17,"s:29:6:29:Infinity":18,"s:30:6:30:Infinity":19,"s:33:4:33:Infinity":20,"b:33:18:33:27:33:31:33:57":1,"b:34:4:36:Infinity:undefined:undefined:undefined:undefined":2,"s:34:4:36:Infinity":21,"s:35:6:35:Infinity":22,"s:38:4:38:Infinity":23,"s:43:23:98:1":24,"f:43:23:43:28":1,"s:44:2:44:Infinity":25,"s:45:2:45:Infinity":26,"b:48:2:51:Infinity:undefined:undefined:undefined:undefined":3,"s:48:2:51:Infinity":27,"s:49:4:49:Infinity":28,"s:50:4:50:Infinity":29,"b:53:2:56:Infinity:undefined:undefined:undefined:undefined":4,"s:53:2:56:Infinity":30,"s:54:4:54:Infinity":31,"s:55:4:55:Infinity":32,"b:58:2:61:Infinity:undefined:undefined:undefined:undefined":5,"s:58:2:61:Infinity":33,"s:59:4:59:Infinity":34,"s:60:4:60:Infinity":35,"s:63:2:63:Infinity":36,"s:65:2:97:Infinity":37,"s:66:21:74:6":38,"b:76:4:80:Infinity:undefined:undefined:undefined:undefined":6,"s:76:4:80:Infinity":39,"s:77:19:77:40":40,"s:78:6:78:Infinity":41,"b:78:28:78:39:78:43:78:70":7,"s:79:6:79:Infinity":42,"s:82:4:82:Infinity":43,"s:83:4:83:Infinity":44,"s:84:4:84:Infinity":45,"s:85:4:85:Infinity":46,"s:88:4:88:Infinity":47,"b:90:4:94:Infinity:92:11:94:Infinity":8,"s:90:4:94:Infinity":48,"s:91:6:91:Infinity":49,"s:93:6:93:Infinity":50,"b:93:28:93:37:93:41:93:68":9,"s:96:4:96:Infinity":51,"s:100:0:102:Infinity":52,"f:100:10:100:11":2,"s:101:2:101:Infinity":53,"s:106:7:106:Infinity":54,"s:117:13:117:Infinity":55,"s:118:15:118:Infinity":56,"s:120:18:120:43":57,"s:122:15:122:Infinity":58,"s:124:18:124:57":59,"s:126:15:126:Infinity":60,"s:128:18:128:Infinity":61,"s:133:15:133:Infinity":62,"s:135:18:135:Infinity":63,"b:107:4:107:8:107:4:107:70":10,"b:116:8:116:12:116:8:116:80":11,"b:119:12:119:18:119:12:119:65":12,"b:123:12:123:18:123:12:123:67":13,"b:127:12:127:18:127:12:127:66":14,"b:129:14:129:78:130:14:130:63":15,"b:134:12:134:18:134:12:134:68":16,"b:136:14:136:77:137:14:137:60":17,"b:145:8:145:12:145:8:145:79":18,"b:157:12:157:19:157:12:157:103":19,"b:160:23:160:34:160:23:160:Infinity":20,"f:160:23:160:34":3,"s:160:23:160:Infinity":64,"b:167:12:167:15:167:12:169:16":21,"b:173:12:173:19:173:12:173:111":22,"b:176:23:176:38:176:23:176:Infinity":23,"f:176:23:176:38":4,"s:176:23:176:Infinity":65,"b:190:31:190:Infinity:190:31:190:Infinity":24}}}
,"/home/appuser/app/src/views/ResetPassword.vue": {"path":"/home/appuser/app/src/views/ResetPassword.vue","statementMap":{"0":{"start":{"line":5,"column":16},"end":{"line":5,"column":24}},"1":{"start":{"line":6,"column":13},"end":{"line":6,"column":21}},"2":{"start":{"line":7,"column":13},"end":{"line":7,"column":24}},"3":{"start":{"line":8,"column":14},"end":{"line":8,"column":26}},"4":{"start":{"line":9,"column":14},"end":{"line":9,"column":31}},"5":{"start":{"line":11,"column":22},"end":{"line":29,"column":1}},"6":{"start":{"line":12,"column":2},"end":{"line":28,"column":null}},"7":{"start":{"line":13,"column":21},"end":{"line":19,"column":6}},"8":{"start":{"line":21,"column":4},"end":{"line":23,"column":null}},"9":{"start":{"line":22,"column":6},"end":{"line":22,"column":null}},"10":{"start":{"line":25,"column":4},"end":{"line":25,"column":null}},"11":{"start":{"line":27,"column":4},"end":{"line":27,"column":null}},"12":{"start":{"line":33,"column":7},"end":{"line":33,"column":null}},"13":{"start":{"line":38,"column":17},"end":{"line":38,"column":null}}},"fnMap":{"0":{"name":"(anonymous_0)","decl":{"start":{"line":11,"column":22},"end":{"line":11,"column":27}},"loc":{"start":{"line":11,"column":34},"end":{"line":29,"column":1}},"line":11},"1":{"name":"(anonymous_1)","decl":{"start":{"line":38,"column":17},"end":{"line":38,"column":25}},"loc":{"start":{"line":38,"column":17},"end":{"line":38,"column":null}},"line":38}},"branchMap":{"0":{"loc":{"start":{"line":21,"column":4},"end":{"line":23,"column":null}},"type":"if","locations":[{"start":{"line":21,"column":4},"end":{"line":23,"column":null}},{"start":{},"end":{}}],"line":21},"1":{"loc":{"start":{"line":34,"column":4},"end":{"line":34,"column":77}},"type":"binary-expr","locations":[{"start":{"line":34,"column":4},"end":{"line":34,"column":8}},{"start":{"line":34,"column":4},"end":{"line":34,"column":77}}],"line":34},"2":{"loc":{"start":{"line":38,"column":17},"end":{"line":38,"column":null}},"type":"binary-expr","locations":[{"start":{"line":38,"column":17},"end":{"line":38,"column":25}},{"start":{"line":38,"column":17},"end":{"line":38,"column":null}}],"line":38},"3":{"loc":{"start":{"line":44,"column":6},"end":{"line":46,"column":15}},"type":"binary-expr","locations":[{"start":{"line":44,"column":6},"end":{"line":44,"column":14}},{"start":{"line":44,"column":6},"end":{"line":46,"column":15}}],"line":44}},"s":{"0":8,"1":8,"2":8,"3":8,"4":8,"5":8,"6":4,"7":4,"8":3,"9":2,"10":1,"11":3,"12":1,"13":5},"f":{"0":4,"1":5},"b":{"0":[2,1],"1":[16,8],"2":[16,8],"3":[16,8]},"meta":{"lastBranch":4,"lastFunction":2,"lastStatement":14,"seen":{"s:5:16:5:24":0,"s:6:13:6:21":1,"s:7:13:7:24":2,"s:8:14:8:26":3,"s:9:14:9:31":4,"s:11:22:29:1":5,"f:11:22:11:27":0,"s:12:2:28:Infinity":6,"s:13:21:19:6":7,"b:21:4:23:Infinity:undefined:undefined:undefined:undefined":0,"s:21:4:23:Infinity":8,"s:22:6:22:Infinity":9,"s:25:4:25:Infinity":10,"s:27:4:27:Infinity":11,"s:33:7:33:Infinity":12,"b:34:4:34:8:34:4:34:77":1,"b:38:17:38:25:38:17:38:Infinity":2,"f:38:17:38:25":1,"s:38:17:38:Infinity":13,"b:44:6:44:14:44:6:46:15":3}}}
}
